[2025-11-12T18:37:53.855+0000] {local_task_job_runner.py:120} INFO - ::group::Pre task execution logs
[2025-11-12T18:37:53.863+0000] {taskinstance.py:2076} INFO - Dependencies all met for dep_context=non-requeueable deps ti=<TaskInstance: warehouse_daily.load_processed_to_pg scheduled__2025-11-11T06:00:00+00:00 [queued]>
[2025-11-12T18:37:53.865+0000] {taskinstance.py:2076} INFO - Dependencies all met for dep_context=requeueable deps ti=<TaskInstance: warehouse_daily.load_processed_to_pg scheduled__2025-11-11T06:00:00+00:00 [queued]>
[2025-11-12T18:37:53.865+0000] {taskinstance.py:2306} INFO - Starting attempt 1 of 3
[2025-11-12T18:37:53.869+0000] {taskinstance.py:2330} INFO - Executing <Task(BashOperator): load_processed_to_pg> on 2025-11-11 06:00:00+00:00
[2025-11-12T18:37:53.870+0000] {standard_task_runner.py:64} INFO - Started process 336 to run task
[2025-11-12T18:37:53.871+0000] {standard_task_runner.py:90} INFO - Running: ['airflow', 'tasks', 'run', 'warehouse_daily', 'load_processed_to_pg', 'scheduled__2025-11-11T06:00:00+00:00', '--job-id', '9', '--raw', '--subdir', 'DAGS_FOLDER/warehouse_dag.py', '--cfg-path', '/tmp/tmpt3owg4qe']
[2025-11-12T18:37:53.872+0000] {standard_task_runner.py:91} INFO - Job 9: Subtask load_processed_to_pg
[2025-11-12T18:37:53.883+0000] {task_command.py:426} INFO - Running <TaskInstance: warehouse_daily.load_processed_to_pg scheduled__2025-11-11T06:00:00+00:00 [running]> on host bc643d9c9001
[2025-11-12T18:37:53.899+0000] {taskinstance.py:2648} INFO - Exporting env vars: AIRFLOW_CTX_DAG_OWNER='wyko' AIRFLOW_CTX_DAG_ID='warehouse_daily' AIRFLOW_CTX_TASK_ID='load_processed_to_pg' AIRFLOW_CTX_EXECUTION_DATE='2025-11-11T06:00:00+00:00' AIRFLOW_CTX_TRY_NUMBER='1' AIRFLOW_CTX_DAG_RUN_ID='scheduled__2025-11-11T06:00:00+00:00'
[2025-11-12T18:37:53.899+0000] {taskinstance.py:430} INFO - ::endgroup::
[2025-11-12T18:37:53.953+0000] {subprocess.py:63} INFO - Tmp dir root location: /tmp
[2025-11-12T18:37:53.954+0000] {subprocess.py:75} INFO - Running command: ['/usr/bin/bash', '-c', 'python /opt/airflow/repo/etl/load.py']
[2025-11-12T18:37:53.956+0000] {subprocess.py:86} INFO - Output:
[2025-11-12T18:37:54.690+0000] {subprocess.py:93} INFO - Traceback (most recent call last):
[2025-11-12T18:37:54.690+0000] {subprocess.py:93} INFO -   File "/home/airflow/.local/lib/python3.12/site-packages/sqlalchemy/engine/base.py", line 3371, in _wrap_pool_connect
[2025-11-12T18:37:54.691+0000] {subprocess.py:93} INFO -     return fn()
[2025-11-12T18:37:54.691+0000] {subprocess.py:93} INFO -            ^^^^
[2025-11-12T18:37:54.691+0000] {subprocess.py:93} INFO -   File "/home/airflow/.local/lib/python3.12/site-packages/sqlalchemy/pool/base.py", line 327, in connect
[2025-11-12T18:37:54.691+0000] {subprocess.py:93} INFO -     return _ConnectionFairy._checkout(self)
[2025-11-12T18:37:54.691+0000] {subprocess.py:93} INFO -            ^^^^^^^^^^^^^^^^^^^^^^^^^^^^^^^^
[2025-11-12T18:37:54.691+0000] {subprocess.py:93} INFO -   File "/home/airflow/.local/lib/python3.12/site-packages/sqlalchemy/pool/base.py", line 894, in _checkout
[2025-11-12T18:37:54.691+0000] {subprocess.py:93} INFO -     fairy = _ConnectionRecord.checkout(pool)
[2025-11-12T18:37:54.691+0000] {subprocess.py:93} INFO -             ^^^^^^^^^^^^^^^^^^^^^^^^^^^^^^^^
[2025-11-12T18:37:54.691+0000] {subprocess.py:93} INFO -   File "/home/airflow/.local/lib/python3.12/site-packages/sqlalchemy/pool/base.py", line 493, in checkout
[2025-11-12T18:37:54.691+0000] {subprocess.py:93} INFO -     rec = pool._do_get()
[2025-11-12T18:37:54.692+0000] {subprocess.py:93} INFO -           ^^^^^^^^^^^^^^
[2025-11-12T18:37:54.692+0000] {subprocess.py:93} INFO -   File "/home/airflow/.local/lib/python3.12/site-packages/sqlalchemy/pool/impl.py", line 145, in _do_get
[2025-11-12T18:37:54.692+0000] {subprocess.py:93} INFO -     with util.safe_reraise():
[2025-11-12T18:37:54.692+0000] {subprocess.py:93} INFO -   File "/home/airflow/.local/lib/python3.12/site-packages/sqlalchemy/util/langhelpers.py", line 70, in __exit__
[2025-11-12T18:37:54.692+0000] {subprocess.py:93} INFO -     compat.raise_(
[2025-11-12T18:37:54.692+0000] {subprocess.py:93} INFO -   File "/home/airflow/.local/lib/python3.12/site-packages/sqlalchemy/util/compat.py", line 211, in raise_
[2025-11-12T18:37:54.692+0000] {subprocess.py:93} INFO -     raise exception
[2025-11-12T18:37:54.692+0000] {subprocess.py:93} INFO -   File "/home/airflow/.local/lib/python3.12/site-packages/sqlalchemy/pool/impl.py", line 143, in _do_get
[2025-11-12T18:37:54.692+0000] {subprocess.py:93} INFO -     return self._create_connection()
[2025-11-12T18:37:54.692+0000] {subprocess.py:93} INFO -            ^^^^^^^^^^^^^^^^^^^^^^^^^
[2025-11-12T18:37:54.692+0000] {subprocess.py:93} INFO -   File "/home/airflow/.local/lib/python3.12/site-packages/sqlalchemy/pool/base.py", line 273, in _create_connection
[2025-11-12T18:37:54.692+0000] {subprocess.py:93} INFO -     return _ConnectionRecord(self)
[2025-11-12T18:37:54.693+0000] {subprocess.py:93} INFO -            ^^^^^^^^^^^^^^^^^^^^^^^
[2025-11-12T18:37:54.693+0000] {subprocess.py:93} INFO -   File "/home/airflow/.local/lib/python3.12/site-packages/sqlalchemy/pool/base.py", line 388, in __init__
[2025-11-12T18:37:54.693+0000] {subprocess.py:93} INFO -     self.__connect()
[2025-11-12T18:37:54.693+0000] {subprocess.py:93} INFO -   File "/home/airflow/.local/lib/python3.12/site-packages/sqlalchemy/pool/base.py", line 690, in __connect
[2025-11-12T18:37:54.693+0000] {subprocess.py:93} INFO -     with util.safe_reraise():
[2025-11-12T18:37:54.693+0000] {subprocess.py:93} INFO -   File "/home/airflow/.local/lib/python3.12/site-packages/sqlalchemy/util/langhelpers.py", line 70, in __exit__
[2025-11-12T18:37:54.693+0000] {subprocess.py:93} INFO -     compat.raise_(
[2025-11-12T18:37:54.693+0000] {subprocess.py:93} INFO -   File "/home/airflow/.local/lib/python3.12/site-packages/sqlalchemy/util/compat.py", line 211, in raise_
[2025-11-12T18:37:54.693+0000] {subprocess.py:93} INFO -     raise exception
[2025-11-12T18:37:54.693+0000] {subprocess.py:93} INFO -   File "/home/airflow/.local/lib/python3.12/site-packages/sqlalchemy/pool/base.py", line 686, in __connect
[2025-11-12T18:37:54.693+0000] {subprocess.py:93} INFO -     self.dbapi_connection = connection = pool._invoke_creator(self)
[2025-11-12T18:37:54.693+0000] {subprocess.py:93} INFO -                                          ^^^^^^^^^^^^^^^^^^^^^^^^^^
[2025-11-12T18:37:54.694+0000] {subprocess.py:93} INFO -   File "/home/airflow/.local/lib/python3.12/site-packages/sqlalchemy/engine/create.py", line 574, in connect
[2025-11-12T18:37:54.694+0000] {subprocess.py:93} INFO -     return dialect.connect(*cargs, **cparams)
[2025-11-12T18:37:54.694+0000] {subprocess.py:93} INFO -            ^^^^^^^^^^^^^^^^^^^^^^^^^^^^^^^^^^
[2025-11-12T18:37:54.694+0000] {subprocess.py:93} INFO -   File "/home/airflow/.local/lib/python3.12/site-packages/sqlalchemy/engine/default.py", line 598, in connect
[2025-11-12T18:37:54.694+0000] {subprocess.py:93} INFO -     return self.dbapi.connect(*cargs, **cparams)
[2025-11-12T18:37:54.694+0000] {subprocess.py:93} INFO -            ^^^^^^^^^^^^^^^^^^^^^^^^^^^^^^^^^^^^^
[2025-11-12T18:37:54.694+0000] {subprocess.py:93} INFO -   File "/home/airflow/.local/lib/python3.12/site-packages/psycopg2/__init__.py", line 122, in connect
[2025-11-12T18:37:54.694+0000] {subprocess.py:93} INFO -     conn = _connect(dsn, connection_factory=connection_factory, **kwasync)
[2025-11-12T18:37:54.694+0000] {subprocess.py:93} INFO -            ^^^^^^^^^^^^^^^^^^^^^^^^^^^^^^^^^^^^^^^^^^^^^^^^^^^^^^^^^^^^^^^
[2025-11-12T18:37:54.694+0000] {subprocess.py:93} INFO - psycopg2.OperationalError: connection to server at "localhost" (::1), port 5432 failed: Connection refused
[2025-11-12T18:37:54.695+0000] {subprocess.py:93} INFO - 	Is the server running on that host and accepting TCP/IP connections?
[2025-11-12T18:37:54.695+0000] {subprocess.py:93} INFO - connection to server at "localhost" (127.0.0.1), port 5432 failed: Connection refused
[2025-11-12T18:37:54.695+0000] {subprocess.py:93} INFO - 	Is the server running on that host and accepting TCP/IP connections?
[2025-11-12T18:37:54.695+0000] {subprocess.py:93} INFO - 
[2025-11-12T18:37:54.695+0000] {subprocess.py:93} INFO - 
[2025-11-12T18:37:54.695+0000] {subprocess.py:93} INFO - The above exception was the direct cause of the following exception:
[2025-11-12T18:37:54.695+0000] {subprocess.py:93} INFO - 
[2025-11-12T18:37:54.695+0000] {subprocess.py:93} INFO - Traceback (most recent call last):
[2025-11-12T18:37:54.695+0000] {subprocess.py:93} INFO -   File "/opt/airflow/repo/etl/load.py", line 16, in <module>
[2025-11-12T18:37:54.695+0000] {subprocess.py:93} INFO -     df.to_sql("housing", engine, schema="public", if_exists="replace", index=False)
[2025-11-12T18:37:54.695+0000] {subprocess.py:93} INFO -   File "/home/airflow/.local/lib/python3.12/site-packages/pandas/util/_decorators.py", line 333, in wrapper
[2025-11-12T18:37:54.695+0000] {subprocess.py:93} INFO -     return func(*args, **kwargs)
[2025-11-12T18:37:54.695+0000] {subprocess.py:93} INFO -            ^^^^^^^^^^^^^^^^^^^^^
[2025-11-12T18:37:54.695+0000] {subprocess.py:93} INFO -   File "/home/airflow/.local/lib/python3.12/site-packages/pandas/core/generic.py", line 3008, in to_sql
[2025-11-12T18:37:54.695+0000] {subprocess.py:93} INFO -     return sql.to_sql(
[2025-11-12T18:37:54.695+0000] {subprocess.py:93} INFO -            ^^^^^^^^^^^
[2025-11-12T18:37:54.695+0000] {subprocess.py:93} INFO -   File "/home/airflow/.local/lib/python3.12/site-packages/pandas/io/sql.py", line 787, in to_sql
[2025-11-12T18:37:54.695+0000] {subprocess.py:93} INFO -     with pandasSQL_builder(con, schema=schema, need_transaction=True) as pandas_sql:
[2025-11-12T18:37:54.696+0000] {subprocess.py:93} INFO -          ^^^^^^^^^^^^^^^^^^^^^^^^^^^^^^^^^^^^^^^^^^^^^^^^^^^^^^^^^^^^
[2025-11-12T18:37:54.696+0000] {subprocess.py:93} INFO -   File "/home/airflow/.local/lib/python3.12/site-packages/pandas/io/sql.py", line 851, in pandasSQL_builder
[2025-11-12T18:37:54.696+0000] {subprocess.py:93} INFO -     return SQLDatabase(con, schema, need_transaction)
[2025-11-12T18:37:54.696+0000] {subprocess.py:93} INFO -            ^^^^^^^^^^^^^^^^^^^^^^^^^^^^^^^^^^^^^^^^^^
[2025-11-12T18:37:54.696+0000] {subprocess.py:93} INFO -   File "/home/airflow/.local/lib/python3.12/site-packages/pandas/io/sql.py", line 1576, in __init__
[2025-11-12T18:37:54.696+0000] {subprocess.py:93} INFO -     con = self.exit_stack.enter_context(con.connect())
[2025-11-12T18:37:54.696+0000] {subprocess.py:93} INFO -                                         ^^^^^^^^^^^^^
[2025-11-12T18:37:54.696+0000] {subprocess.py:93} INFO -   File "/home/airflow/.local/lib/python3.12/site-packages/sqlalchemy/engine/base.py", line 3325, in connect
[2025-11-12T18:37:54.696+0000] {subprocess.py:93} INFO -     return self._connection_cls(self, close_with_result=close_with_result)
[2025-11-12T18:37:54.696+0000] {subprocess.py:93} INFO -            ^^^^^^^^^^^^^^^^^^^^^^^^^^^^^^^^^^^^^^^^^^^^^^^^^^^^^^^^^^^^^^^
[2025-11-12T18:37:54.696+0000] {subprocess.py:93} INFO -   File "/home/airflow/.local/lib/python3.12/site-packages/sqlalchemy/engine/base.py", line 96, in __init__
[2025-11-12T18:37:54.696+0000] {subprocess.py:93} INFO -     else engine.raw_connection()
[2025-11-12T18:37:54.696+0000] {subprocess.py:93} INFO -          ^^^^^^^^^^^^^^^^^^^^^^^
[2025-11-12T18:37:54.696+0000] {subprocess.py:93} INFO -   File "/home/airflow/.local/lib/python3.12/site-packages/sqlalchemy/engine/base.py", line 3404, in raw_connection
[2025-11-12T18:37:54.696+0000] {subprocess.py:93} INFO -     return self._wrap_pool_connect(self.pool.connect, _connection)
[2025-11-12T18:37:54.696+0000] {subprocess.py:93} INFO -            ^^^^^^^^^^^^^^^^^^^^^^^^^^^^^^^^^^^^^^^^^^^^^^^^^^^^^^^
[2025-11-12T18:37:54.696+0000] {subprocess.py:93} INFO -   File "/home/airflow/.local/lib/python3.12/site-packages/sqlalchemy/engine/base.py", line 3374, in _wrap_pool_connect
[2025-11-12T18:37:54.696+0000] {subprocess.py:93} INFO -     Connection._handle_dbapi_exception_noconnection(
[2025-11-12T18:37:54.696+0000] {subprocess.py:93} INFO -   File "/home/airflow/.local/lib/python3.12/site-packages/sqlalchemy/engine/base.py", line 2208, in _handle_dbapi_exception_noconnection
[2025-11-12T18:37:54.696+0000] {subprocess.py:93} INFO -     util.raise_(
[2025-11-12T18:37:54.696+0000] {subprocess.py:93} INFO -   File "/home/airflow/.local/lib/python3.12/site-packages/sqlalchemy/util/compat.py", line 211, in raise_
[2025-11-12T18:37:54.696+0000] {subprocess.py:93} INFO -     raise exception
[2025-11-12T18:37:54.696+0000] {subprocess.py:93} INFO -   File "/home/airflow/.local/lib/python3.12/site-packages/sqlalchemy/engine/base.py", line 3371, in _wrap_pool_connect
[2025-11-12T18:37:54.696+0000] {subprocess.py:93} INFO -     return fn()
[2025-11-12T18:37:54.697+0000] {subprocess.py:93} INFO -            ^^^^
[2025-11-12T18:37:54.697+0000] {subprocess.py:93} INFO -   File "/home/airflow/.local/lib/python3.12/site-packages/sqlalchemy/pool/base.py", line 327, in connect
[2025-11-12T18:37:54.697+0000] {subprocess.py:93} INFO -     return _ConnectionFairy._checkout(self)
[2025-11-12T18:37:54.697+0000] {subprocess.py:93} INFO -            ^^^^^^^^^^^^^^^^^^^^^^^^^^^^^^^^
[2025-11-12T18:37:54.697+0000] {subprocess.py:93} INFO -   File "/home/airflow/.local/lib/python3.12/site-packages/sqlalchemy/pool/base.py", line 894, in _checkout
[2025-11-12T18:37:54.697+0000] {subprocess.py:93} INFO -     fairy = _ConnectionRecord.checkout(pool)
[2025-11-12T18:37:54.697+0000] {subprocess.py:93} INFO -             ^^^^^^^^^^^^^^^^^^^^^^^^^^^^^^^^
[2025-11-12T18:37:54.697+0000] {subprocess.py:93} INFO -   File "/home/airflow/.local/lib/python3.12/site-packages/sqlalchemy/pool/base.py", line 493, in checkout
[2025-11-12T18:37:54.697+0000] {subprocess.py:93} INFO -     rec = pool._do_get()
[2025-11-12T18:37:54.697+0000] {subprocess.py:93} INFO -           ^^^^^^^^^^^^^^
[2025-11-12T18:37:54.697+0000] {subprocess.py:93} INFO -   File "/home/airflow/.local/lib/python3.12/site-packages/sqlalchemy/pool/impl.py", line 145, in _do_get
[2025-11-12T18:37:54.697+0000] {subprocess.py:93} INFO -     with util.safe_reraise():
[2025-11-12T18:37:54.697+0000] {subprocess.py:93} INFO -   File "/home/airflow/.local/lib/python3.12/site-packages/sqlalchemy/util/langhelpers.py", line 70, in __exit__
[2025-11-12T18:37:54.697+0000] {subprocess.py:93} INFO -     compat.raise_(
[2025-11-12T18:37:54.697+0000] {subprocess.py:93} INFO -   File "/home/airflow/.local/lib/python3.12/site-packages/sqlalchemy/util/compat.py", line 211, in raise_
[2025-11-12T18:37:54.697+0000] {subprocess.py:93} INFO -     raise exception
[2025-11-12T18:37:54.697+0000] {subprocess.py:93} INFO -   File "/home/airflow/.local/lib/python3.12/site-packages/sqlalchemy/pool/impl.py", line 143, in _do_get
[2025-11-12T18:37:54.697+0000] {subprocess.py:93} INFO -     return self._create_connection()
[2025-11-12T18:37:54.697+0000] {subprocess.py:93} INFO -            ^^^^^^^^^^^^^^^^^^^^^^^^^
[2025-11-12T18:37:54.697+0000] {subprocess.py:93} INFO -   File "/home/airflow/.local/lib/python3.12/site-packages/sqlalchemy/pool/base.py", line 273, in _create_connection
[2025-11-12T18:37:54.697+0000] {subprocess.py:93} INFO -     return _ConnectionRecord(self)
[2025-11-12T18:37:54.697+0000] {subprocess.py:93} INFO -            ^^^^^^^^^^^^^^^^^^^^^^^
[2025-11-12T18:37:54.697+0000] {subprocess.py:93} INFO -   File "/home/airflow/.local/lib/python3.12/site-packages/sqlalchemy/pool/base.py", line 388, in __init__
[2025-11-12T18:37:54.698+0000] {subprocess.py:93} INFO -     self.__connect()
[2025-11-12T18:37:54.698+0000] {subprocess.py:93} INFO -   File "/home/airflow/.local/lib/python3.12/site-packages/sqlalchemy/pool/base.py", line 690, in __connect
[2025-11-12T18:37:54.698+0000] {subprocess.py:93} INFO -     with util.safe_reraise():
[2025-11-12T18:37:54.698+0000] {subprocess.py:93} INFO -   File "/home/airflow/.local/lib/python3.12/site-packages/sqlalchemy/util/langhelpers.py", line 70, in __exit__
[2025-11-12T18:37:54.698+0000] {subprocess.py:93} INFO -     compat.raise_(
[2025-11-12T18:37:54.698+0000] {subprocess.py:93} INFO -   File "/home/airflow/.local/lib/python3.12/site-packages/sqlalchemy/util/compat.py", line 211, in raise_
[2025-11-12T18:37:54.698+0000] {subprocess.py:93} INFO -     raise exception
[2025-11-12T18:37:54.698+0000] {subprocess.py:93} INFO -   File "/home/airflow/.local/lib/python3.12/site-packages/sqlalchemy/pool/base.py", line 686, in __connect
[2025-11-12T18:37:54.698+0000] {subprocess.py:93} INFO -     self.dbapi_connection = connection = pool._invoke_creator(self)
[2025-11-12T18:37:54.698+0000] {subprocess.py:93} INFO -                                          ^^^^^^^^^^^^^^^^^^^^^^^^^^
[2025-11-12T18:37:54.698+0000] {subprocess.py:93} INFO -   File "/home/airflow/.local/lib/python3.12/site-packages/sqlalchemy/engine/create.py", line 574, in connect
[2025-11-12T18:37:54.698+0000] {subprocess.py:93} INFO -     return dialect.connect(*cargs, **cparams)
[2025-11-12T18:37:54.698+0000] {subprocess.py:93} INFO -            ^^^^^^^^^^^^^^^^^^^^^^^^^^^^^^^^^^
[2025-11-12T18:37:54.698+0000] {subprocess.py:93} INFO -   File "/home/airflow/.local/lib/python3.12/site-packages/sqlalchemy/engine/default.py", line 598, in connect
[2025-11-12T18:37:54.698+0000] {subprocess.py:93} INFO -     return self.dbapi.connect(*cargs, **cparams)
[2025-11-12T18:37:54.698+0000] {subprocess.py:93} INFO -            ^^^^^^^^^^^^^^^^^^^^^^^^^^^^^^^^^^^^^
[2025-11-12T18:37:54.698+0000] {subprocess.py:93} INFO -   File "/home/airflow/.local/lib/python3.12/site-packages/psycopg2/__init__.py", line 122, in connect
[2025-11-12T18:37:54.698+0000] {subprocess.py:93} INFO -     conn = _connect(dsn, connection_factory=connection_factory, **kwasync)
[2025-11-12T18:37:54.698+0000] {subprocess.py:93} INFO -            ^^^^^^^^^^^^^^^^^^^^^^^^^^^^^^^^^^^^^^^^^^^^^^^^^^^^^^^^^^^^^^^
[2025-11-12T18:37:54.698+0000] {subprocess.py:93} INFO - sqlalchemy.exc.OperationalError: (psycopg2.OperationalError) connection to server at "localhost" (::1), port 5432 failed: Connection refused
[2025-11-12T18:37:54.698+0000] {subprocess.py:93} INFO - 	Is the server running on that host and accepting TCP/IP connections?
[2025-11-12T18:37:54.698+0000] {subprocess.py:93} INFO - connection to server at "localhost" (127.0.0.1), port 5432 failed: Connection refused
[2025-11-12T18:37:54.698+0000] {subprocess.py:93} INFO - 	Is the server running on that host and accepting TCP/IP connections?
[2025-11-12T18:37:54.698+0000] {subprocess.py:93} INFO - 
[2025-11-12T18:37:54.699+0000] {subprocess.py:93} INFO - (Background on this error at: https://sqlalche.me/e/14/e3q8)
[2025-11-12T18:37:54.764+0000] {subprocess.py:97} INFO - Command exited with return code 1
[2025-11-12T18:37:54.765+0000] {taskinstance.py:441} INFO - ::group::Post task execution logs
[2025-11-12T18:37:54.767+0000] {taskinstance.py:2905} ERROR - Task failed with exception
Traceback (most recent call last):
  File "/home/airflow/.local/lib/python3.12/site-packages/airflow/models/taskinstance.py", line 465, in _execute_task
    result = _execute_callable(context=context, **execute_callable_kwargs)
             ^^^^^^^^^^^^^^^^^^^^^^^^^^^^^^^^^^^^^^^^^^^^^^^^^^^^^^^^^^^^^
  File "/home/airflow/.local/lib/python3.12/site-packages/airflow/models/taskinstance.py", line 432, in _execute_callable
    return execute_callable(context=context, **execute_callable_kwargs)
           ^^^^^^^^^^^^^^^^^^^^^^^^^^^^^^^^^^^^^^^^^^^^^^^^^^^^^^^^^^^^
  File "/home/airflow/.local/lib/python3.12/site-packages/airflow/models/baseoperator.py", line 401, in wrapper
    return func(self, *args, **kwargs)
           ^^^^^^^^^^^^^^^^^^^^^^^^^^^
  File "/home/airflow/.local/lib/python3.12/site-packages/airflow/operators/bash.py", line 243, in execute
    raise AirflowException(
airflow.exceptions.AirflowException: Bash command failed. The command returned a non-zero exit code 1.
[2025-11-12T18:37:54.768+0000] {taskinstance.py:1206} INFO - Marking task as UP_FOR_RETRY. dag_id=warehouse_daily, task_id=load_processed_to_pg, run_id=scheduled__2025-11-11T06:00:00+00:00, execution_date=20251111T060000, start_date=20251112T183753, end_date=20251112T183754
[2025-11-12T18:37:54.773+0000] {standard_task_runner.py:110} ERROR - Failed to execute job 9 for task load_processed_to_pg (Bash command failed. The command returned a non-zero exit code 1.; 336)
[2025-11-12T18:37:54.812+0000] {local_task_job_runner.py:243} INFO - Task exited with return code 1
[2025-11-12T18:37:54.818+0000] {taskinstance.py:3503} INFO - 0 downstream tasks scheduled from follow-on schedule check
[2025-11-12T18:37:54.819+0000] {local_task_job_runner.py:222} INFO - ::endgroup::
[2025-11-12T19:06:05.782+0000] {local_task_job_runner.py:120} INFO - ::group::Pre task execution logs
[2025-11-12T19:06:05.789+0000] {taskinstance.py:2076} INFO - Dependencies all met for dep_context=non-requeueable deps ti=<TaskInstance: warehouse_daily.load_processed_to_pg scheduled__2025-11-11T06:00:00+00:00 [queued]>
[2025-11-12T19:06:05.791+0000] {taskinstance.py:2076} INFO - Dependencies all met for dep_context=requeueable deps ti=<TaskInstance: warehouse_daily.load_processed_to_pg scheduled__2025-11-11T06:00:00+00:00 [queued]>
[2025-11-12T19:06:05.791+0000] {taskinstance.py:2306} INFO - Starting attempt 1 of 3
[2025-11-12T19:06:05.795+0000] {taskinstance.py:2330} INFO - Executing <Task(BashOperator): load_processed_to_pg> on 2025-11-11 06:00:00+00:00
[2025-11-12T19:06:05.796+0000] {standard_task_runner.py:64} INFO - Started process 334 to run task
[2025-11-12T19:06:05.797+0000] {standard_task_runner.py:90} INFO - Running: ['airflow', 'tasks', 'run', 'warehouse_daily', 'load_processed_to_pg', 'scheduled__2025-11-11T06:00:00+00:00', '--job-id', '9', '--raw', '--subdir', 'DAGS_FOLDER/warehouse_dag.py', '--cfg-path', '/tmp/tmp3hf1xf7i']
[2025-11-12T19:06:05.798+0000] {standard_task_runner.py:91} INFO - Job 9: Subtask load_processed_to_pg
[2025-11-12T19:06:05.810+0000] {task_command.py:426} INFO - Running <TaskInstance: warehouse_daily.load_processed_to_pg scheduled__2025-11-11T06:00:00+00:00 [running]> on host 6561605caf49
[2025-11-12T19:06:05.826+0000] {taskinstance.py:2648} INFO - Exporting env vars: AIRFLOW_CTX_DAG_OWNER='wyko' AIRFLOW_CTX_DAG_ID='warehouse_daily' AIRFLOW_CTX_TASK_ID='load_processed_to_pg' AIRFLOW_CTX_EXECUTION_DATE='2025-11-11T06:00:00+00:00' AIRFLOW_CTX_TRY_NUMBER='1' AIRFLOW_CTX_DAG_RUN_ID='scheduled__2025-11-11T06:00:00+00:00'
[2025-11-12T19:06:05.826+0000] {taskinstance.py:430} INFO - ::endgroup::
[2025-11-12T19:06:05.880+0000] {subprocess.py:63} INFO - Tmp dir root location: /tmp
[2025-11-12T19:06:05.881+0000] {subprocess.py:75} INFO - Running command: ['/usr/bin/bash', '-c', 'python /opt/airflow/repo/etl/load.py']
[2025-11-12T19:06:05.883+0000] {subprocess.py:86} INFO - Output:
[2025-11-12T19:06:27.425+0000] {subprocess.py:93} INFO -  Loaded to Postgres public.housing
[2025-11-12T19:06:27.514+0000] {subprocess.py:97} INFO - Command exited with return code 0
[2025-11-12T19:06:27.514+0000] {taskinstance.py:441} INFO - ::group::Post task execution logs
[2025-11-12T19:06:27.521+0000] {taskinstance.py:1206} INFO - Marking task as SUCCESS. dag_id=warehouse_daily, task_id=load_processed_to_pg, run_id=scheduled__2025-11-11T06:00:00+00:00, execution_date=20251111T060000, start_date=20251112T190605, end_date=20251112T190627
[2025-11-12T19:06:27.550+0000] {local_task_job_runner.py:243} INFO - Task exited with return code 0
[2025-11-12T19:06:27.556+0000] {taskinstance.py:3503} INFO - 2 downstream tasks scheduled from follow-on schedule check
[2025-11-12T19:06:27.558+0000] {local_task_job_runner.py:222} INFO - ::endgroup::
