[2025-11-13T13:52:44.624+0000] {local_task_job_runner.py:120} INFO - ::group::Pre task execution logs
[2025-11-13T13:52:44.633+0000] {taskinstance.py:2076} INFO - Dependencies all met for dep_context=non-requeueable deps ti=<TaskInstance: warehouse_daily.train_models scheduled__2025-11-12T06:00:00+00:00 [queued]>
[2025-11-13T13:52:44.635+0000] {taskinstance.py:2076} INFO - Dependencies all met for dep_context=requeueable deps ti=<TaskInstance: warehouse_daily.train_models scheduled__2025-11-12T06:00:00+00:00 [queued]>
[2025-11-13T13:52:44.635+0000] {taskinstance.py:2306} INFO - Starting attempt 1 of 3
[2025-11-13T13:52:44.641+0000] {taskinstance.py:2330} INFO - Executing <Task(BashOperator): train_models> on 2025-11-12 06:00:00+00:00
[2025-11-13T13:52:44.643+0000] {standard_task_runner.py:64} INFO - Started process 623 to run task
[2025-11-13T13:52:44.644+0000] {standard_task_runner.py:90} INFO - Running: ['airflow', 'tasks', 'run', 'warehouse_daily', 'train_models', 'scheduled__2025-11-12T06:00:00+00:00', '--job-id', '21', '--raw', '--subdir', 'DAGS_FOLDER/warehouse_dag.py', '--cfg-path', '/tmp/tmpmrg8i_cl']
[2025-11-13T13:52:44.645+0000] {standard_task_runner.py:91} INFO - Job 21: Subtask train_models
[2025-11-13T13:52:44.657+0000] {task_command.py:426} INFO - Running <TaskInstance: warehouse_daily.train_models scheduled__2025-11-12T06:00:00+00:00 [running]> on host 8b16c83c8b1e
[2025-11-13T13:52:44.673+0000] {taskinstance.py:2648} INFO - Exporting env vars: AIRFLOW_CTX_DAG_OWNER='wyko' AIRFLOW_CTX_DAG_ID='warehouse_daily' AIRFLOW_CTX_TASK_ID='train_models' AIRFLOW_CTX_EXECUTION_DATE='2025-11-12T06:00:00+00:00' AIRFLOW_CTX_TRY_NUMBER='1' AIRFLOW_CTX_DAG_RUN_ID='scheduled__2025-11-12T06:00:00+00:00'
[2025-11-13T13:52:44.674+0000] {taskinstance.py:430} INFO - ::endgroup::
[2025-11-13T13:52:44.731+0000] {subprocess.py:63} INFO - Tmp dir root location: /tmp
[2025-11-13T13:52:44.732+0000] {subprocess.py:75} INFO - Running command: ['/usr/bin/bash', '-c', 'cd /opt/airflow/repo && python ml/ml_final.py']
[2025-11-13T13:52:44.735+0000] {subprocess.py:86} INFO - Output:
[2025-11-13T13:52:51.703+0000] {subprocess.py:97} INFO - Command exited with return code -9
[2025-11-13T13:52:51.706+0000] {taskinstance.py:441} INFO - ::group::Post task execution logs
[2025-11-13T13:52:51.750+0000] {taskinstance.py:2905} ERROR - Task failed with exception
Traceback (most recent call last):
  File "/home/airflow/.local/lib/python3.12/site-packages/airflow/models/taskinstance.py", line 465, in _execute_task
    result = _execute_callable(context=context, **execute_callable_kwargs)
             ^^^^^^^^^^^^^^^^^^^^^^^^^^^^^^^^^^^^^^^^^^^^^^^^^^^^^^^^^^^^^
  File "/home/airflow/.local/lib/python3.12/site-packages/airflow/models/taskinstance.py", line 432, in _execute_callable
    return execute_callable(context=context, **execute_callable_kwargs)
           ^^^^^^^^^^^^^^^^^^^^^^^^^^^^^^^^^^^^^^^^^^^^^^^^^^^^^^^^^^^^
  File "/home/airflow/.local/lib/python3.12/site-packages/airflow/models/baseoperator.py", line 401, in wrapper
    return func(self, *args, **kwargs)
           ^^^^^^^^^^^^^^^^^^^^^^^^^^^
  File "/home/airflow/.local/lib/python3.12/site-packages/airflow/operators/bash.py", line 243, in execute
    raise AirflowException(
airflow.exceptions.AirflowException: Bash command failed. The command returned a non-zero exit code -9.
[2025-11-13T13:52:51.756+0000] {taskinstance.py:1206} INFO - Marking task as UP_FOR_RETRY. dag_id=warehouse_daily, task_id=train_models, run_id=scheduled__2025-11-12T06:00:00+00:00, execution_date=20251112T060000, start_date=20251113T135244, end_date=20251113T135251
[2025-11-13T13:52:51.768+0000] {standard_task_runner.py:110} ERROR - Failed to execute job 21 for task train_models (Bash command failed. The command returned a non-zero exit code -9.; 623)
[2025-11-13T13:52:51.813+0000] {local_task_job_runner.py:243} INFO - Task exited with return code 1
[2025-11-13T13:52:51.820+0000] {taskinstance.py:3503} INFO - 0 downstream tasks scheduled from follow-on schedule check
[2025-11-13T13:52:51.820+0000] {local_task_job_runner.py:222} INFO - ::endgroup::
