[2025-11-12T18:29:54.429+0000] {local_task_job_runner.py:120} INFO - ::group::Pre task execution logs
[2025-11-12T18:29:54.439+0000] {taskinstance.py:2076} INFO - Dependencies all met for dep_context=non-requeueable deps ti=<TaskInstance: warehouse_daily.extract_to_minio manual__2025-11-12T18:19:45.273993+00:00 [queued]>
[2025-11-12T18:29:54.441+0000] {taskinstance.py:2076} INFO - Dependencies all met for dep_context=requeueable deps ti=<TaskInstance: warehouse_daily.extract_to_minio manual__2025-11-12T18:19:45.273993+00:00 [queued]>
[2025-11-12T18:29:54.441+0000] {taskinstance.py:2306} INFO - Starting attempt 3 of 3
[2025-11-12T18:29:54.445+0000] {taskinstance.py:2330} INFO - Executing <Task(BashOperator): extract_to_minio> on 2025-11-12 18:19:45.273993+00:00
[2025-11-12T18:29:54.447+0000] {standard_task_runner.py:64} INFO - Started process 383 to run task
[2025-11-12T18:29:54.448+0000] {standard_task_runner.py:90} INFO - Running: ['airflow', 'tasks', 'run', 'warehouse_daily', 'extract_to_minio', 'manual__2025-11-12T18:19:45.273993+00:00', '--job-id', '10', '--raw', '--subdir', 'DAGS_FOLDER/warehouse_dag.py', '--cfg-path', '/tmp/tmpjkodunc4']
[2025-11-12T18:29:54.449+0000] {standard_task_runner.py:91} INFO - Job 10: Subtask extract_to_minio
[2025-11-12T18:29:54.460+0000] {task_command.py:426} INFO - Running <TaskInstance: warehouse_daily.extract_to_minio manual__2025-11-12T18:19:45.273993+00:00 [running]> on host 2ab1eb6ceb27
[2025-11-12T18:29:54.523+0000] {taskinstance.py:2648} INFO - Exporting env vars: AIRFLOW_CTX_DAG_OWNER='wyko' AIRFLOW_CTX_DAG_ID='warehouse_daily' AIRFLOW_CTX_TASK_ID='extract_to_minio' AIRFLOW_CTX_EXECUTION_DATE='2025-11-12T18:19:45.273993+00:00' AIRFLOW_CTX_TRY_NUMBER='3' AIRFLOW_CTX_DAG_RUN_ID='manual__2025-11-12T18:19:45.273993+00:00'
[2025-11-12T18:29:54.523+0000] {taskinstance.py:430} INFO - ::endgroup::
[2025-11-12T18:29:54.528+0000] {subprocess.py:63} INFO - Tmp dir root location: /tmp
[2025-11-12T18:29:54.528+0000] {subprocess.py:75} INFO - Running command: ['/usr/bin/bash', '-c', 'python /opt/airflow/repo/etl/extract.py']
[2025-11-12T18:29:54.531+0000] {subprocess.py:86} INFO - Output:
[2025-11-12T18:29:54.822+0000] {subprocess.py:93} INFO - Traceback (most recent call last):
[2025-11-12T18:29:54.823+0000] {subprocess.py:93} INFO -   File "/opt/airflow/repo/etl/extract.py", line 26, in <module>
[2025-11-12T18:29:54.823+0000] {subprocess.py:93} INFO -     upload_local_csv_to_raw("data/raw/housing_800k.csv", "housing_800k.csv")
[2025-11-12T18:29:54.823+0000] {subprocess.py:93} INFO -   File "/opt/airflow/repo/etl/extract.py", line 18, in upload_local_csv_to_raw
[2025-11-12T18:29:54.823+0000] {subprocess.py:93} INFO -     raise FileNotFoundError(f"Local file not found: {local}")
[2025-11-12T18:29:54.823+0000] {subprocess.py:93} INFO - FileNotFoundError: Local file not found: data/raw/housing_800k.csv
[2025-11-12T18:29:54.846+0000] {subprocess.py:97} INFO - Command exited with return code 1
[2025-11-12T18:29:54.846+0000] {taskinstance.py:441} INFO - ::group::Post task execution logs
[2025-11-12T18:29:54.848+0000] {taskinstance.py:2905} ERROR - Task failed with exception
Traceback (most recent call last):
  File "/home/airflow/.local/lib/python3.12/site-packages/airflow/models/taskinstance.py", line 465, in _execute_task
    result = _execute_callable(context=context, **execute_callable_kwargs)
             ^^^^^^^^^^^^^^^^^^^^^^^^^^^^^^^^^^^^^^^^^^^^^^^^^^^^^^^^^^^^^
  File "/home/airflow/.local/lib/python3.12/site-packages/airflow/models/taskinstance.py", line 432, in _execute_callable
    return execute_callable(context=context, **execute_callable_kwargs)
           ^^^^^^^^^^^^^^^^^^^^^^^^^^^^^^^^^^^^^^^^^^^^^^^^^^^^^^^^^^^^
  File "/home/airflow/.local/lib/python3.12/site-packages/airflow/models/baseoperator.py", line 401, in wrapper
    return func(self, *args, **kwargs)
           ^^^^^^^^^^^^^^^^^^^^^^^^^^^
  File "/home/airflow/.local/lib/python3.12/site-packages/airflow/operators/bash.py", line 243, in execute
    raise AirflowException(
airflow.exceptions.AirflowException: Bash command failed. The command returned a non-zero exit code 1.
[2025-11-12T18:29:54.849+0000] {taskinstance.py:1206} INFO - Marking task as FAILED. dag_id=warehouse_daily, task_id=extract_to_minio, run_id=manual__2025-11-12T18:19:45.273993+00:00, execution_date=20251112T181945, start_date=20251112T182954, end_date=20251112T182954
[2025-11-12T18:29:54.854+0000] {standard_task_runner.py:110} ERROR - Failed to execute job 10 for task extract_to_minio (Bash command failed. The command returned a non-zero exit code 1.; 383)
[2025-11-12T18:29:54.888+0000] {local_task_job_runner.py:243} INFO - Task exited with return code 1
[2025-11-12T18:29:54.896+0000] {taskinstance.py:3503} INFO - 0 downstream tasks scheduled from follow-on schedule check
[2025-11-12T18:29:54.898+0000] {local_task_job_runner.py:222} INFO - ::endgroup::
