[2025-11-22T14:52:01.747+0000] {local_task_job_runner.py:120} INFO - ::group::Pre task execution logs
[2025-11-22T14:52:01.757+0000] {taskinstance.py:2076} INFO - Dependencies all met for dep_context=non-requeueable deps ti=<TaskInstance: warehouse_daily.shap_explainer_ml scheduled__2025-11-21T06:00:00+00:00 [queued]>
[2025-11-22T14:52:01.759+0000] {taskinstance.py:2076} INFO - Dependencies all met for dep_context=requeueable deps ti=<TaskInstance: warehouse_daily.shap_explainer_ml scheduled__2025-11-21T06:00:00+00:00 [queued]>
[2025-11-22T14:52:01.759+0000] {taskinstance.py:2306} INFO - Starting attempt 3 of 3
[2025-11-22T14:52:01.763+0000] {taskinstance.py:2330} INFO - Executing <Task(BashOperator): shap_explainer_ml> on 2025-11-21 06:00:00+00:00
[2025-11-22T14:52:01.765+0000] {standard_task_runner.py:64} INFO - Started process 1798 to run task
[2025-11-22T14:52:01.766+0000] {standard_task_runner.py:90} INFO - Running: ['airflow', 'tasks', 'run', 'warehouse_daily', 'shap_explainer_ml', 'scheduled__2025-11-21T06:00:00+00:00', '--job-id', '29', '--raw', '--subdir', 'DAGS_FOLDER/warehouse_dag.py', '--cfg-path', '/tmp/tmps_s0_mif']
[2025-11-22T14:52:01.767+0000] {standard_task_runner.py:91} INFO - Job 29: Subtask shap_explainer_ml
[2025-11-22T14:52:01.779+0000] {task_command.py:426} INFO - Running <TaskInstance: warehouse_daily.shap_explainer_ml scheduled__2025-11-21T06:00:00+00:00 [running]> on host e41cc4788735
[2025-11-22T14:52:01.848+0000] {taskinstance.py:2648} INFO - Exporting env vars: AIRFLOW_CTX_DAG_OWNER='wyko' AIRFLOW_CTX_DAG_ID='warehouse_daily' AIRFLOW_CTX_TASK_ID='shap_explainer_ml' AIRFLOW_CTX_EXECUTION_DATE='2025-11-21T06:00:00+00:00' AIRFLOW_CTX_TRY_NUMBER='3' AIRFLOW_CTX_DAG_RUN_ID='scheduled__2025-11-21T06:00:00+00:00'
[2025-11-22T14:52:01.848+0000] {taskinstance.py:430} INFO - ::endgroup::
[2025-11-22T14:52:01.854+0000] {subprocess.py:63} INFO - Tmp dir root location: /tmp
[2025-11-22T14:52:01.854+0000] {subprocess.py:75} INFO - Running command: ['/usr/bin/bash', '-c', 'cd /opt/airflow/repo && python ml/shap_explainer.py']
[2025-11-22T14:52:01.857+0000] {subprocess.py:86} INFO - Output:
[2025-11-22T14:52:02.261+0000] {subprocess.py:93} INFO - /opt/airflow/repo/ml/shap_explainer.py:4: FutureWarning: In the future `np.bool` will be defined as the corresponding NumPy scalar.
[2025-11-22T14:52:02.261+0000] {subprocess.py:93} INFO -   if not hasattr(np, "bool"):
[2025-11-22T14:52:07.224+0000] {subprocess.py:97} INFO - Command exited with return code -9
[2025-11-22T14:52:07.225+0000] {taskinstance.py:441} INFO - ::group::Post task execution logs
[2025-11-22T14:52:07.231+0000] {taskinstance.py:2905} ERROR - Task failed with exception
Traceback (most recent call last):
  File "/home/airflow/.local/lib/python3.12/site-packages/airflow/models/taskinstance.py", line 465, in _execute_task
    result = _execute_callable(context=context, **execute_callable_kwargs)
             ^^^^^^^^^^^^^^^^^^^^^^^^^^^^^^^^^^^^^^^^^^^^^^^^^^^^^^^^^^^^^
  File "/home/airflow/.local/lib/python3.12/site-packages/airflow/models/taskinstance.py", line 432, in _execute_callable
    return execute_callable(context=context, **execute_callable_kwargs)
           ^^^^^^^^^^^^^^^^^^^^^^^^^^^^^^^^^^^^^^^^^^^^^^^^^^^^^^^^^^^^
  File "/home/airflow/.local/lib/python3.12/site-packages/airflow/models/baseoperator.py", line 401, in wrapper
    return func(self, *args, **kwargs)
           ^^^^^^^^^^^^^^^^^^^^^^^^^^^
  File "/home/airflow/.local/lib/python3.12/site-packages/airflow/operators/bash.py", line 243, in execute
    raise AirflowException(
airflow.exceptions.AirflowException: Bash command failed. The command returned a non-zero exit code -9.
[2025-11-22T14:52:07.234+0000] {taskinstance.py:1206} INFO - Marking task as FAILED. dag_id=warehouse_daily, task_id=shap_explainer_ml, run_id=scheduled__2025-11-21T06:00:00+00:00, execution_date=20251121T060000, start_date=20251122T145201, end_date=20251122T145207
[2025-11-22T14:52:07.239+0000] {standard_task_runner.py:110} ERROR - Failed to execute job 29 for task shap_explainer_ml (Bash command failed. The command returned a non-zero exit code -9.; 1798)
[2025-11-22T14:52:07.255+0000] {local_task_job_runner.py:243} INFO - Task exited with return code 1
[2025-11-22T14:52:07.260+0000] {taskinstance.py:3503} INFO - 0 downstream tasks scheduled from follow-on schedule check
[2025-11-22T14:52:07.262+0000] {local_task_job_runner.py:222} INFO - ::endgroup::
