[2025-11-22T15:04:48.384+0000] {local_task_job_runner.py:120} INFO - ::group::Pre task execution logs
[2025-11-22T15:04:48.395+0000] {taskinstance.py:2076} INFO - Dependencies all met for dep_context=non-requeueable deps ti=<TaskInstance: warehouse_daily.shap_explainer_ml scheduled__2025-11-21T06:00:00+00:00 [queued]>
[2025-11-22T15:04:48.397+0000] {taskinstance.py:2076} INFO - Dependencies all met for dep_context=requeueable deps ti=<TaskInstance: warehouse_daily.shap_explainer_ml scheduled__2025-11-21T06:00:00+00:00 [queued]>
[2025-11-22T15:04:48.397+0000] {taskinstance.py:2306} INFO - Starting attempt 4 of 6
[2025-11-22T15:04:48.401+0000] {taskinstance.py:2330} INFO - Executing <Task(BashOperator): shap_explainer_ml> on 2025-11-21 06:00:00+00:00
[2025-11-22T15:04:48.403+0000] {standard_task_runner.py:64} INFO - Started process 1994 to run task
[2025-11-22T15:04:48.404+0000] {standard_task_runner.py:90} INFO - Running: ['airflow', 'tasks', 'run', 'warehouse_daily', 'shap_explainer_ml', 'scheduled__2025-11-21T06:00:00+00:00', '--job-id', '33', '--raw', '--subdir', 'DAGS_FOLDER/warehouse_dag.py', '--cfg-path', '/tmp/tmp7ohxot2h']
[2025-11-22T15:04:48.405+0000] {standard_task_runner.py:91} INFO - Job 33: Subtask shap_explainer_ml
[2025-11-22T15:04:48.418+0000] {task_command.py:426} INFO - Running <TaskInstance: warehouse_daily.shap_explainer_ml scheduled__2025-11-21T06:00:00+00:00 [running]> on host e41cc4788735
[2025-11-22T15:04:48.488+0000] {taskinstance.py:2648} INFO - Exporting env vars: AIRFLOW_CTX_DAG_OWNER='wyko' AIRFLOW_CTX_DAG_ID='warehouse_daily' AIRFLOW_CTX_TASK_ID='shap_explainer_ml' AIRFLOW_CTX_EXECUTION_DATE='2025-11-21T06:00:00+00:00' AIRFLOW_CTX_TRY_NUMBER='4' AIRFLOW_CTX_DAG_RUN_ID='scheduled__2025-11-21T06:00:00+00:00'
[2025-11-22T15:04:48.489+0000] {taskinstance.py:430} INFO - ::endgroup::
[2025-11-22T15:04:48.494+0000] {subprocess.py:63} INFO - Tmp dir root location: /tmp
[2025-11-22T15:04:48.495+0000] {subprocess.py:75} INFO - Running command: ['/usr/bin/bash', '-c', 'cd /opt/airflow/repo && python ml/shap_explainer.py']
[2025-11-22T15:04:48.498+0000] {subprocess.py:86} INFO - Output:
[2025-11-22T15:04:48.912+0000] {subprocess.py:93} INFO - /opt/airflow/repo/ml/shap_explainer.py:4: FutureWarning: In the future `np.bool` will be defined as the corresponding NumPy scalar.
[2025-11-22T15:04:48.912+0000] {subprocess.py:93} INFO -   if not hasattr(np, "bool"):
[2025-11-22T15:07:29.290+0000] {subprocess.py:97} INFO - Command exited with return code -9
[2025-11-22T15:07:29.292+0000] {taskinstance.py:441} INFO - ::group::Post task execution logs
[2025-11-22T15:07:29.298+0000] {taskinstance.py:2905} ERROR - Task failed with exception
Traceback (most recent call last):
  File "/home/airflow/.local/lib/python3.12/site-packages/airflow/models/taskinstance.py", line 465, in _execute_task
    result = _execute_callable(context=context, **execute_callable_kwargs)
             ^^^^^^^^^^^^^^^^^^^^^^^^^^^^^^^^^^^^^^^^^^^^^^^^^^^^^^^^^^^^^
  File "/home/airflow/.local/lib/python3.12/site-packages/airflow/models/taskinstance.py", line 432, in _execute_callable
    return execute_callable(context=context, **execute_callable_kwargs)
           ^^^^^^^^^^^^^^^^^^^^^^^^^^^^^^^^^^^^^^^^^^^^^^^^^^^^^^^^^^^^
  File "/home/airflow/.local/lib/python3.12/site-packages/airflow/models/baseoperator.py", line 401, in wrapper
    return func(self, *args, **kwargs)
           ^^^^^^^^^^^^^^^^^^^^^^^^^^^
  File "/home/airflow/.local/lib/python3.12/site-packages/airflow/operators/bash.py", line 243, in execute
    raise AirflowException(
airflow.exceptions.AirflowException: Bash command failed. The command returned a non-zero exit code -9.
[2025-11-22T15:07:29.301+0000] {taskinstance.py:1206} INFO - Marking task as UP_FOR_RETRY. dag_id=warehouse_daily, task_id=shap_explainer_ml, run_id=scheduled__2025-11-21T06:00:00+00:00, execution_date=20251121T060000, start_date=20251122T150448, end_date=20251122T150729
[2025-11-22T15:07:29.306+0000] {standard_task_runner.py:110} ERROR - Failed to execute job 33 for task shap_explainer_ml (Bash command failed. The command returned a non-zero exit code -9.; 1994)
[2025-11-22T15:07:29.322+0000] {local_task_job_runner.py:243} INFO - Task exited with return code 1
[2025-11-22T15:07:29.327+0000] {taskinstance.py:3503} INFO - 0 downstream tasks scheduled from follow-on schedule check
[2025-11-22T15:07:29.327+0000] {local_task_job_runner.py:222} INFO - ::endgroup::
