[2025-11-12T18:48:37.847+0000] {local_task_job_runner.py:120} INFO - ::group::Pre task execution logs
[2025-11-12T18:48:37.855+0000] {taskinstance.py:2076} INFO - Dependencies all met for dep_context=non-requeueable deps ti=<TaskInstance: warehouse_daily.silver_cast_normalize scheduled__2025-11-11T06:00:00+00:00 [queued]>
[2025-11-12T18:48:37.857+0000] {taskinstance.py:2076} INFO - Dependencies all met for dep_context=requeueable deps ti=<TaskInstance: warehouse_daily.silver_cast_normalize scheduled__2025-11-11T06:00:00+00:00 [queued]>
[2025-11-12T18:48:37.857+0000] {taskinstance.py:2306} INFO - Starting attempt 2 of 3
[2025-11-12T18:48:37.861+0000] {taskinstance.py:2330} INFO - Executing <Task(SQLExecuteQueryOperator): silver_cast_normalize> on 2025-11-11 06:00:00+00:00
[2025-11-12T18:48:37.862+0000] {standard_task_runner.py:64} INFO - Started process 667 to run task
[2025-11-12T18:48:37.863+0000] {standard_task_runner.py:90} INFO - Running: ['airflow', 'tasks', 'run', 'warehouse_daily', 'silver_cast_normalize', 'scheduled__2025-11-11T06:00:00+00:00', '--job-id', '20', '--raw', '--subdir', 'DAGS_FOLDER/warehouse_dag.py', '--cfg-path', '/tmp/tmpqaeheh7t']
[2025-11-12T18:48:37.864+0000] {standard_task_runner.py:91} INFO - Job 20: Subtask silver_cast_normalize
[2025-11-12T18:48:37.876+0000] {task_command.py:426} INFO - Running <TaskInstance: warehouse_daily.silver_cast_normalize scheduled__2025-11-11T06:00:00+00:00 [running]> on host bc643d9c9001
[2025-11-12T18:48:37.885+0000] {abstractoperator.py:725} ERROR - Exception rendering Jinja template for task 'silver_cast_normalize', field 'sql'. Template: '/opt/airflow/repo/SQL/SQL_raw/01_staging/120_cast_and_normalize.sql'
Traceback (most recent call last):
  File "/home/airflow/.local/lib/python3.12/site-packages/airflow/models/abstractoperator.py", line 717, in _do_render_template_fields
    rendered_content = self.render_template(
                       ^^^^^^^^^^^^^^^^^^^^^
  File "/home/airflow/.local/lib/python3.12/site-packages/airflow/template/templater.py", line 166, in render_template
    template = jinja_env.get_template(value)
               ^^^^^^^^^^^^^^^^^^^^^^^^^^^^^
  File "/home/airflow/.local/lib/python3.12/site-packages/jinja2/environment.py", line 1013, in get_template
    return self._load_template(name, globals)
           ^^^^^^^^^^^^^^^^^^^^^^^^^^^^^^^^^^
  File "/home/airflow/.local/lib/python3.12/site-packages/jinja2/environment.py", line 972, in _load_template
    template = self.loader.load(self, name, self.make_globals(globals))
               ^^^^^^^^^^^^^^^^^^^^^^^^^^^^^^^^^^^^^^^^^^^^^^^^^^^^^^^^
  File "/home/airflow/.local/lib/python3.12/site-packages/jinja2/loaders.py", line 126, in load
    source, filename, uptodate = self.get_source(environment, name)
                                 ^^^^^^^^^^^^^^^^^^^^^^^^^^^^^^^^^^
  File "/home/airflow/.local/lib/python3.12/site-packages/jinja2/loaders.py", line 207, in get_source
    raise TemplateNotFound(template)
jinja2.exceptions.TemplateNotFound: /opt/airflow/repo/SQL/SQL_raw/01_staging/120_cast_and_normalize.sql
[2025-11-12T18:48:37.886+0000] {taskinstance.py:2905} ERROR - Task failed with exception
Traceback (most recent call last):
  File "/home/airflow/.local/lib/python3.12/site-packages/airflow/models/taskinstance.py", line 2479, in _run_raw_task
    self._execute_task_with_callbacks(context, test_mode, session=session)
  File "/home/airflow/.local/lib/python3.12/site-packages/airflow/models/taskinstance.py", line 2633, in _execute_task_with_callbacks
    task_orig = self.render_templates(context=context, jinja_env=jinja_env)
                ^^^^^^^^^^^^^^^^^^^^^^^^^^^^^^^^^^^^^^^^^^^^^^^^^^^^^^^^^^^
  File "/home/airflow/.local/lib/python3.12/site-packages/airflow/models/taskinstance.py", line 3094, in render_templates
    original_task.render_template_fields(context, jinja_env)
  File "/home/airflow/.local/lib/python3.12/site-packages/airflow/models/baseoperator.py", line 1337, in render_template_fields
    self._do_render_template_fields(self, self.template_fields, context, jinja_env, set())
  File "/home/airflow/.local/lib/python3.12/site-packages/airflow/models/abstractoperator.py", line 717, in _do_render_template_fields
    rendered_content = self.render_template(
                       ^^^^^^^^^^^^^^^^^^^^^
  File "/home/airflow/.local/lib/python3.12/site-packages/airflow/template/templater.py", line 166, in render_template
    template = jinja_env.get_template(value)
               ^^^^^^^^^^^^^^^^^^^^^^^^^^^^^
  File "/home/airflow/.local/lib/python3.12/site-packages/jinja2/environment.py", line 1013, in get_template
    return self._load_template(name, globals)
           ^^^^^^^^^^^^^^^^^^^^^^^^^^^^^^^^^^
  File "/home/airflow/.local/lib/python3.12/site-packages/jinja2/environment.py", line 972, in _load_template
    template = self.loader.load(self, name, self.make_globals(globals))
               ^^^^^^^^^^^^^^^^^^^^^^^^^^^^^^^^^^^^^^^^^^^^^^^^^^^^^^^^
  File "/home/airflow/.local/lib/python3.12/site-packages/jinja2/loaders.py", line 126, in load
    source, filename, uptodate = self.get_source(environment, name)
                                 ^^^^^^^^^^^^^^^^^^^^^^^^^^^^^^^^^^
  File "/home/airflow/.local/lib/python3.12/site-packages/jinja2/loaders.py", line 207, in get_source
    raise TemplateNotFound(template)
jinja2.exceptions.TemplateNotFound: /opt/airflow/repo/SQL/SQL_raw/01_staging/120_cast_and_normalize.sql
[2025-11-12T18:48:37.887+0000] {taskinstance.py:1206} INFO - Marking task as UP_FOR_RETRY. dag_id=warehouse_daily, task_id=silver_cast_normalize, run_id=scheduled__2025-11-11T06:00:00+00:00, execution_date=20251111T060000, start_date=20251112T184837, end_date=20251112T184837
[2025-11-12T18:48:37.889+0000] {standard_task_runner.py:110} ERROR - Failed to execute job 20 for task silver_cast_normalize (/opt/airflow/repo/SQL/SQL_raw/01_staging/120_cast_and_normalize.sql; 667)
[2025-11-12T18:48:37.900+0000] {local_task_job_runner.py:243} INFO - Task exited with return code 1
[2025-11-12T18:48:37.906+0000] {taskinstance.py:3503} INFO - 0 downstream tasks scheduled from follow-on schedule check
[2025-11-12T18:48:37.906+0000] {local_task_job_runner.py:222} INFO - ::endgroup::
[2025-11-12T19:11:55.038+0000] {local_task_job_runner.py:120} INFO - ::group::Pre task execution logs
[2025-11-12T19:11:55.046+0000] {taskinstance.py:2076} INFO - Dependencies all met for dep_context=non-requeueable deps ti=<TaskInstance: warehouse_daily.silver_cast_normalize scheduled__2025-11-11T06:00:00+00:00 [queued]>
[2025-11-12T19:11:55.047+0000] {taskinstance.py:2076} INFO - Dependencies all met for dep_context=requeueable deps ti=<TaskInstance: warehouse_daily.silver_cast_normalize scheduled__2025-11-11T06:00:00+00:00 [queued]>
[2025-11-12T19:11:55.048+0000] {taskinstance.py:2306} INFO - Starting attempt 2 of 3
[2025-11-12T19:11:55.051+0000] {taskinstance.py:2330} INFO - Executing <Task(SQLExecuteQueryOperator): silver_cast_normalize> on 2025-11-11 06:00:00+00:00
[2025-11-12T19:11:55.053+0000] {standard_task_runner.py:64} INFO - Started process 531 to run task
[2025-11-12T19:11:55.054+0000] {standard_task_runner.py:90} INFO - Running: ['airflow', 'tasks', 'run', 'warehouse_daily', 'silver_cast_normalize', 'scheduled__2025-11-11T06:00:00+00:00', '--job-id', '16', '--raw', '--subdir', 'DAGS_FOLDER/warehouse_dag.py', '--cfg-path', '/tmp/tmp93cr9fvm']
[2025-11-12T19:11:55.055+0000] {standard_task_runner.py:91} INFO - Job 16: Subtask silver_cast_normalize
[2025-11-12T19:11:55.067+0000] {task_command.py:426} INFO - Running <TaskInstance: warehouse_daily.silver_cast_normalize scheduled__2025-11-11T06:00:00+00:00 [running]> on host 6561605caf49
[2025-11-12T19:11:55.085+0000] {taskinstance.py:2648} INFO - Exporting env vars: AIRFLOW_CTX_DAG_OWNER='wyko' AIRFLOW_CTX_DAG_ID='warehouse_daily' AIRFLOW_CTX_TASK_ID='silver_cast_normalize' AIRFLOW_CTX_EXECUTION_DATE='2025-11-11T06:00:00+00:00' AIRFLOW_CTX_TRY_NUMBER='2' AIRFLOW_CTX_DAG_RUN_ID='scheduled__2025-11-11T06:00:00+00:00'
[2025-11-12T19:11:55.086+0000] {taskinstance.py:430} INFO - ::endgroup::
[2025-11-12T19:11:55.141+0000] {sql.py:282} INFO - Executing: create or replace view silver.housing_clean as
	select
	
    replace(listing_id::text, ',', '')::BIGINT           AS listing_id,
    NULLIF(TRIM("date"), '')::date                       AS listing_date,

    CASE WHEN city IS NULL OR TRIM(city) = '' 
         THEN NULL ELSE INITCAP(TRIM(city)) END          AS city,
         
    CASE WHEN district IS NULL OR TRIM(district) = '' 
         THEN NULL ELSE INITCAP(TRIM(district)) END      AS district,
         
    NULLIF(TRIM(postal_code), '')                        AS postal_code,

    -- liczby całkowite
    rooms::int                                           AS rooms,
    floor::int                                           AS floor,
    total_floors::int                                    AS total_floors,
    REPLACE(year_built::text, ',', '')::int                    AS year_built,
    


    ROUND(area_sqm::numeric, 2)::numeric(12,2)           AS area_sqm,
    ROUND(distance_center_km::numeric, 2)::numeric(12,2) AS distance_center_km,


    (price_sqm::numeric)::numeric(18,2)                  AS price_sqm,
    (price_total::numeric)::numeric(18,2)                AS price_total,
    
	has_elevator


from silver.housing_typed;
[2025-11-12T19:11:55.141+0000] {crypto.py:82} WARNING - empty cryptography key - values will not be stored encrypted.
[2025-11-12T19:11:55.142+0000] {base.py:84} INFO - Using connection ID 'warehouse_pg' for task execution.
[2025-11-12T19:11:55.157+0000] {base.py:84} INFO - Using connection ID 'warehouse_pg' for task execution.
[2025-11-12T19:11:55.162+0000] {sql.py:495} INFO - Running statement: create or replace view silver.housing_clean as
	select
	
    replace(listing_id::text, ',', '')::BIGINT           AS listing_id,
    NULLIF(TRIM("date"), '')::date                       AS listing_date,

    CASE WHEN city IS NULL OR TRIM(city) = '' 
         THEN NULL ELSE INITCAP(TRIM(city)) END          AS city,
         
    CASE WHEN district IS NULL OR TRIM(district) = '' 
         THEN NULL ELSE INITCAP(TRIM(district)) END      AS district,
         
    NULLIF(TRIM(postal_code), '')                        AS postal_code,

    -- liczby całkowite
    rooms::int                                           AS rooms,
    floor::int                                           AS floor,
    total_floors::int                                    AS total_floors,
    REPLACE(year_built::text, ',', '')::int                    AS year_built,
    


    ROUND(area_sqm::numeric, 2)::numeric(12,2)           AS area_sqm,
    ROUND(distance_center_km::numeric, 2)::numeric(12,2) AS distance_center_km,


    (price_sqm::numeric)::numeric(18,2)                  AS price_sqm,
    (price_total::numeric)::numeric(18,2)                AS price_total,
    
	has_elevator


from silver.housing_typed;, parameters: None
[2025-11-12T19:11:55.167+0000] {taskinstance.py:441} INFO - ::group::Post task execution logs
[2025-11-12T19:11:55.169+0000] {taskinstance.py:1206} INFO - Marking task as SUCCESS. dag_id=warehouse_daily, task_id=silver_cast_normalize, run_id=scheduled__2025-11-11T06:00:00+00:00, execution_date=20251111T060000, start_date=20251112T191155, end_date=20251112T191155
[2025-11-12T19:11:55.201+0000] {local_task_job_runner.py:243} INFO - Task exited with return code 0
[2025-11-12T19:11:55.208+0000] {taskinstance.py:3503} INFO - 1 downstream tasks scheduled from follow-on schedule check
[2025-11-12T19:11:55.209+0000] {local_task_job_runner.py:222} INFO - ::endgroup::
