[2025-11-22T15:07:56.019+0000] {local_task_job_runner.py:120} INFO - ::group::Pre task execution logs
[2025-11-22T15:07:56.029+0000] {taskinstance.py:2076} INFO - Dependencies all met for dep_context=non-requeueable deps ti=<TaskInstance: warehouse_daily.shap_explainer_ml manual__2025-11-22T14:37:10.885804+00:00 [queued]>
[2025-11-22T15:07:56.031+0000] {taskinstance.py:2076} INFO - Dependencies all met for dep_context=requeueable deps ti=<TaskInstance: warehouse_daily.shap_explainer_ml manual__2025-11-22T14:37:10.885804+00:00 [queued]>
[2025-11-22T15:07:56.031+0000] {taskinstance.py:2306} INFO - Starting attempt 6 of 6
[2025-11-22T15:07:56.035+0000] {taskinstance.py:2330} INFO - Executing <Task(BashOperator): shap_explainer_ml> on 2025-11-22 14:37:10.885804+00:00
[2025-11-22T15:07:56.037+0000] {standard_task_runner.py:64} INFO - Started process 2038 to run task
[2025-11-22T15:07:56.038+0000] {standard_task_runner.py:90} INFO - Running: ['airflow', 'tasks', 'run', 'warehouse_daily', 'shap_explainer_ml', 'manual__2025-11-22T14:37:10.885804+00:00', '--job-id', '34', '--raw', '--subdir', 'DAGS_FOLDER/warehouse_dag.py', '--cfg-path', '/tmp/tmpnqn947zz']
[2025-11-22T15:07:56.038+0000] {standard_task_runner.py:91} INFO - Job 34: Subtask shap_explainer_ml
[2025-11-22T15:07:56.051+0000] {task_command.py:426} INFO - Running <TaskInstance: warehouse_daily.shap_explainer_ml manual__2025-11-22T14:37:10.885804+00:00 [running]> on host e41cc4788735
[2025-11-22T15:07:56.121+0000] {taskinstance.py:2648} INFO - Exporting env vars: AIRFLOW_CTX_DAG_OWNER='wyko' AIRFLOW_CTX_DAG_ID='warehouse_daily' AIRFLOW_CTX_TASK_ID='shap_explainer_ml' AIRFLOW_CTX_EXECUTION_DATE='2025-11-22T14:37:10.885804+00:00' AIRFLOW_CTX_TRY_NUMBER='6' AIRFLOW_CTX_DAG_RUN_ID='manual__2025-11-22T14:37:10.885804+00:00'
[2025-11-22T15:07:56.121+0000] {taskinstance.py:430} INFO - ::endgroup::
[2025-11-22T15:07:56.127+0000] {subprocess.py:63} INFO - Tmp dir root location: /tmp
[2025-11-22T15:07:56.127+0000] {subprocess.py:75} INFO - Running command: ['/usr/bin/bash', '-c', 'cd /opt/airflow/repo && python ml/shap_explainer.py']
[2025-11-22T15:07:56.130+0000] {subprocess.py:86} INFO - Output:
[2025-11-22T15:07:56.529+0000] {subprocess.py:93} INFO - /opt/airflow/repo/ml/shap_explainer.py:4: FutureWarning: In the future `np.bool` will be defined as the corresponding NumPy scalar.
[2025-11-22T15:07:56.529+0000] {subprocess.py:93} INFO -   if not hasattr(np, "bool"):
[2025-11-22T15:08:01.466+0000] {subprocess.py:97} INFO - Command exited with return code -9
[2025-11-22T15:08:01.468+0000] {taskinstance.py:441} INFO - ::group::Post task execution logs
[2025-11-22T15:08:01.474+0000] {taskinstance.py:2905} ERROR - Task failed with exception
Traceback (most recent call last):
  File "/home/airflow/.local/lib/python3.12/site-packages/airflow/models/taskinstance.py", line 465, in _execute_task
    result = _execute_callable(context=context, **execute_callable_kwargs)
             ^^^^^^^^^^^^^^^^^^^^^^^^^^^^^^^^^^^^^^^^^^^^^^^^^^^^^^^^^^^^^
  File "/home/airflow/.local/lib/python3.12/site-packages/airflow/models/taskinstance.py", line 432, in _execute_callable
    return execute_callable(context=context, **execute_callable_kwargs)
           ^^^^^^^^^^^^^^^^^^^^^^^^^^^^^^^^^^^^^^^^^^^^^^^^^^^^^^^^^^^^
  File "/home/airflow/.local/lib/python3.12/site-packages/airflow/models/baseoperator.py", line 401, in wrapper
    return func(self, *args, **kwargs)
           ^^^^^^^^^^^^^^^^^^^^^^^^^^^
  File "/home/airflow/.local/lib/python3.12/site-packages/airflow/operators/bash.py", line 243, in execute
    raise AirflowException(
airflow.exceptions.AirflowException: Bash command failed. The command returned a non-zero exit code -9.
[2025-11-22T15:08:01.477+0000] {taskinstance.py:1206} INFO - Marking task as FAILED. dag_id=warehouse_daily, task_id=shap_explainer_ml, run_id=manual__2025-11-22T14:37:10.885804+00:00, execution_date=20251122T143710, start_date=20251122T150756, end_date=20251122T150801
[2025-11-22T15:08:01.482+0000] {standard_task_runner.py:110} ERROR - Failed to execute job 34 for task shap_explainer_ml (Bash command failed. The command returned a non-zero exit code -9.; 2038)
[2025-11-22T15:08:01.495+0000] {local_task_job_runner.py:243} INFO - Task exited with return code 1
[2025-11-22T15:08:01.501+0000] {taskinstance.py:3503} INFO - 0 downstream tasks scheduled from follow-on schedule check
[2025-11-22T15:08:01.503+0000] {local_task_job_runner.py:222} INFO - ::endgroup::
