[2025-11-12T18:05:28.350+0000] {local_task_job_runner.py:120} INFO - ::group::Pre task execution logs
[2025-11-12T18:05:28.358+0000] {taskinstance.py:2076} INFO - Dependencies all met for dep_context=non-requeueable deps ti=<TaskInstance: warehouse_daily.wait_for_db scheduled__2025-11-11T06:00:00+00:00 [queued]>
[2025-11-12T18:05:28.359+0000] {taskinstance.py:2076} INFO - Dependencies all met for dep_context=requeueable deps ti=<TaskInstance: warehouse_daily.wait_for_db scheduled__2025-11-11T06:00:00+00:00 [queued]>
[2025-11-12T18:05:28.360+0000] {taskinstance.py:2306} INFO - Starting attempt 1 of 3
[2025-11-12T18:05:28.364+0000] {taskinstance.py:2330} INFO - Executing <Task(SqlSensor): wait_for_db> on 2025-11-11 06:00:00+00:00
[2025-11-12T18:05:28.365+0000] {standard_task_runner.py:64} INFO - Started process 174 to run task
[2025-11-12T18:05:28.366+0000] {standard_task_runner.py:90} INFO - Running: ['airflow', 'tasks', 'run', 'warehouse_daily', 'wait_for_db', 'scheduled__2025-11-11T06:00:00+00:00', '--job-id', '5', '--raw', '--subdir', 'DAGS_FOLDER/warehouse_dag.py', '--cfg-path', '/tmp/tmp8x48m5za']
[2025-11-12T18:05:28.366+0000] {standard_task_runner.py:91} INFO - Job 5: Subtask wait_for_db
[2025-11-12T18:05:28.378+0000] {task_command.py:426} INFO - Running <TaskInstance: warehouse_daily.wait_for_db scheduled__2025-11-11T06:00:00+00:00 [running]> on host cd9db11ce5b0
[2025-11-12T18:05:28.394+0000] {taskinstance.py:2648} INFO - Exporting env vars: AIRFLOW_CTX_DAG_OWNER='wyko' AIRFLOW_CTX_DAG_ID='warehouse_daily' AIRFLOW_CTX_TASK_ID='wait_for_db' AIRFLOW_CTX_EXECUTION_DATE='2025-11-11T06:00:00+00:00' AIRFLOW_CTX_TRY_NUMBER='1' AIRFLOW_CTX_DAG_RUN_ID='scheduled__2025-11-11T06:00:00+00:00'
[2025-11-12T18:05:28.394+0000] {taskinstance.py:430} INFO - ::endgroup::
[2025-11-12T18:05:28.458+0000] {taskinstance.py:441} INFO - ::group::Post task execution logs
[2025-11-12T18:05:28.459+0000] {taskinstance.py:2905} ERROR - Task failed with exception
Traceback (most recent call last):
  File "/home/airflow/.local/lib/python3.12/site-packages/airflow/models/taskinstance.py", line 465, in _execute_task
    result = _execute_callable(context=context, **execute_callable_kwargs)
             ^^^^^^^^^^^^^^^^^^^^^^^^^^^^^^^^^^^^^^^^^^^^^^^^^^^^^^^^^^^^^
  File "/home/airflow/.local/lib/python3.12/site-packages/airflow/models/taskinstance.py", line 432, in _execute_callable
    return execute_callable(context=context, **execute_callable_kwargs)
           ^^^^^^^^^^^^^^^^^^^^^^^^^^^^^^^^^^^^^^^^^^^^^^^^^^^^^^^^^^^^
  File "/home/airflow/.local/lib/python3.12/site-packages/airflow/models/baseoperator.py", line 401, in wrapper
    return func(self, *args, **kwargs)
           ^^^^^^^^^^^^^^^^^^^^^^^^^^^
  File "/home/airflow/.local/lib/python3.12/site-packages/airflow/sensors/base.py", line 264, in execute
    raise e
  File "/home/airflow/.local/lib/python3.12/site-packages/airflow/sensors/base.py", line 246, in execute
    poke_return = self.poke(context)
                  ^^^^^^^^^^^^^^^^^^
  File "/home/airflow/.local/lib/python3.12/site-packages/airflow/providers/common/sql/sensors/sql.py", line 94, in poke
    hook = self._get_hook()
           ^^^^^^^^^^^^^^^^
  File "/home/airflow/.local/lib/python3.12/site-packages/airflow/providers/common/sql/sensors/sql.py", line 84, in _get_hook
    conn = BaseHook.get_connection(self.conn_id)
           ^^^^^^^^^^^^^^^^^^^^^^^^^^^^^^^^^^^^^
  File "/home/airflow/.local/lib/python3.12/site-packages/airflow/hooks/base.py", line 83, in get_connection
    conn = Connection.get_connection_from_secrets(conn_id)
           ^^^^^^^^^^^^^^^^^^^^^^^^^^^^^^^^^^^^^^^^^^^^^^^
  File "/home/airflow/.local/lib/python3.12/site-packages/airflow/models/connection.py", line 519, in get_connection_from_secrets
    raise AirflowNotFoundException(f"The conn_id `{conn_id}` isn't defined")
airflow.exceptions.AirflowNotFoundException: The conn_id `warehouse_pg` isn't defined
[2025-11-12T18:05:28.460+0000] {taskinstance.py:1206} INFO - Marking task as UP_FOR_RETRY. dag_id=warehouse_daily, task_id=wait_for_db, run_id=scheduled__2025-11-11T06:00:00+00:00, execution_date=20251111T060000, start_date=20251112T180528, end_date=20251112T180528
[2025-11-12T18:05:28.464+0000] {standard_task_runner.py:110} ERROR - Failed to execute job 5 for task wait_for_db (The conn_id `warehouse_pg` isn't defined; 174)
[2025-11-12T18:05:28.475+0000] {local_task_job_runner.py:243} INFO - Task exited with return code 1
[2025-11-12T18:05:28.482+0000] {taskinstance.py:3503} INFO - 0 downstream tasks scheduled from follow-on schedule check
[2025-11-12T18:05:28.482+0000] {local_task_job_runner.py:222} INFO - ::endgroup::
[2025-11-12T18:12:22.391+0000] {local_task_job_runner.py:120} INFO - ::group::Pre task execution logs
[2025-11-12T18:12:22.398+0000] {taskinstance.py:2076} INFO - Dependencies all met for dep_context=non-requeueable deps ti=<TaskInstance: warehouse_daily.wait_for_db scheduled__2025-11-11T06:00:00+00:00 [queued]>
[2025-11-12T18:12:22.400+0000] {taskinstance.py:2076} INFO - Dependencies all met for dep_context=requeueable deps ti=<TaskInstance: warehouse_daily.wait_for_db scheduled__2025-11-11T06:00:00+00:00 [queued]>
[2025-11-12T18:12:22.400+0000] {taskinstance.py:2306} INFO - Starting attempt 1 of 3
[2025-11-12T18:12:22.404+0000] {taskinstance.py:2330} INFO - Executing <Task(SqlSensor): wait_for_db> on 2025-11-11 06:00:00+00:00
[2025-11-12T18:12:22.405+0000] {standard_task_runner.py:64} INFO - Started process 159 to run task
[2025-11-12T18:12:22.406+0000] {standard_task_runner.py:90} INFO - Running: ['airflow', 'tasks', 'run', 'warehouse_daily', 'wait_for_db', 'scheduled__2025-11-11T06:00:00+00:00', '--job-id', '3', '--raw', '--subdir', 'DAGS_FOLDER/warehouse_dag.py', '--cfg-path', '/tmp/tmpkf2q3fz2']
[2025-11-12T18:12:22.407+0000] {standard_task_runner.py:91} INFO - Job 3: Subtask wait_for_db
[2025-11-12T18:12:22.419+0000] {task_command.py:426} INFO - Running <TaskInstance: warehouse_daily.wait_for_db scheduled__2025-11-11T06:00:00+00:00 [running]> on host 45089dbd33a0
[2025-11-12T18:12:22.435+0000] {taskinstance.py:2648} INFO - Exporting env vars: AIRFLOW_CTX_DAG_OWNER='wyko' AIRFLOW_CTX_DAG_ID='warehouse_daily' AIRFLOW_CTX_TASK_ID='wait_for_db' AIRFLOW_CTX_EXECUTION_DATE='2025-11-11T06:00:00+00:00' AIRFLOW_CTX_TRY_NUMBER='1' AIRFLOW_CTX_DAG_RUN_ID='scheduled__2025-11-11T06:00:00+00:00'
[2025-11-12T18:12:22.435+0000] {taskinstance.py:430} INFO - ::endgroup::
[2025-11-12T18:12:22.497+0000] {crypto.py:82} WARNING - empty cryptography key - values will not be stored encrypted.
[2025-11-12T18:12:22.497+0000] {base.py:84} INFO - Using connection ID 'warehouse_pg' for task execution.
[2025-11-12T18:12:22.512+0000] {taskinstance.py:441} INFO - ::group::Post task execution logs
[2025-11-12T18:12:22.513+0000] {taskinstance.py:2905} ERROR - Task failed with exception
Traceback (most recent call last):
  File "/home/airflow/.local/lib/python3.12/site-packages/airflow/models/taskinstance.py", line 465, in _execute_task
    result = _execute_callable(context=context, **execute_callable_kwargs)
             ^^^^^^^^^^^^^^^^^^^^^^^^^^^^^^^^^^^^^^^^^^^^^^^^^^^^^^^^^^^^^
  File "/home/airflow/.local/lib/python3.12/site-packages/airflow/models/taskinstance.py", line 432, in _execute_callable
    return execute_callable(context=context, **execute_callable_kwargs)
           ^^^^^^^^^^^^^^^^^^^^^^^^^^^^^^^^^^^^^^^^^^^^^^^^^^^^^^^^^^^^
  File "/home/airflow/.local/lib/python3.12/site-packages/airflow/models/baseoperator.py", line 401, in wrapper
    return func(self, *args, **kwargs)
           ^^^^^^^^^^^^^^^^^^^^^^^^^^^
  File "/home/airflow/.local/lib/python3.12/site-packages/airflow/sensors/base.py", line 264, in execute
    raise e
  File "/home/airflow/.local/lib/python3.12/site-packages/airflow/sensors/base.py", line 246, in execute
    poke_return = self.poke(context)
                  ^^^^^^^^^^^^^^^^^^
  File "/home/airflow/.local/lib/python3.12/site-packages/airflow/providers/common/sql/sensors/sql.py", line 94, in poke
    hook = self._get_hook()
           ^^^^^^^^^^^^^^^^
  File "/home/airflow/.local/lib/python3.12/site-packages/airflow/providers/common/sql/sensors/sql.py", line 85, in _get_hook
    hook = conn.get_hook(hook_params=self.hook_params)
           ^^^^^^^^^^^^^^^^^^^^^^^^^^^^^^^^^^^^^^^^^^^
  File "/home/airflow/.local/lib/python3.12/site-packages/airflow/models/connection.py", line 403, in get_hook
    raise AirflowException(f'Unknown hook type "{self.conn_type}"')
airflow.exceptions.AirflowException: Unknown hook type "***ql+psycopg2"
[2025-11-12T18:12:22.514+0000] {taskinstance.py:1206} INFO - Marking task as UP_FOR_RETRY. dag_id=warehouse_daily, task_id=wait_for_db, run_id=scheduled__2025-11-11T06:00:00+00:00, execution_date=20251111T060000, start_date=20251112T181222, end_date=20251112T181222
[2025-11-12T18:12:22.517+0000] {standard_task_runner.py:110} ERROR - Failed to execute job 3 for task wait_for_db (Unknown hook type "***ql+psycopg2"; 159)
[2025-11-12T18:12:22.554+0000] {local_task_job_runner.py:243} INFO - Task exited with return code 1
[2025-11-12T18:12:22.561+0000] {taskinstance.py:3503} INFO - 0 downstream tasks scheduled from follow-on schedule check
[2025-11-12T18:12:22.561+0000] {local_task_job_runner.py:222} INFO - ::endgroup::
[2025-11-12T18:19:46.595+0000] {local_task_job_runner.py:120} INFO - ::group::Pre task execution logs
[2025-11-12T18:19:46.603+0000] {taskinstance.py:2076} INFO - Dependencies all met for dep_context=non-requeueable deps ti=<TaskInstance: warehouse_daily.wait_for_db scheduled__2025-11-11T06:00:00+00:00 [queued]>
[2025-11-12T18:19:46.604+0000] {taskinstance.py:2076} INFO - Dependencies all met for dep_context=requeueable deps ti=<TaskInstance: warehouse_daily.wait_for_db scheduled__2025-11-11T06:00:00+00:00 [queued]>
[2025-11-12T18:19:46.605+0000] {taskinstance.py:2306} INFO - Starting attempt 1 of 3
[2025-11-12T18:19:46.608+0000] {taskinstance.py:2330} INFO - Executing <Task(SqlSensor): wait_for_db> on 2025-11-11 06:00:00+00:00
[2025-11-12T18:19:46.610+0000] {standard_task_runner.py:64} INFO - Started process 183 to run task
[2025-11-12T18:19:46.611+0000] {standard_task_runner.py:90} INFO - Running: ['airflow', 'tasks', 'run', 'warehouse_daily', 'wait_for_db', 'scheduled__2025-11-11T06:00:00+00:00', '--job-id', '3', '--raw', '--subdir', 'DAGS_FOLDER/warehouse_dag.py', '--cfg-path', '/tmp/tmpqwpl8v26']
[2025-11-12T18:19:46.612+0000] {standard_task_runner.py:91} INFO - Job 3: Subtask wait_for_db
[2025-11-12T18:19:46.623+0000] {task_command.py:426} INFO - Running <TaskInstance: warehouse_daily.wait_for_db scheduled__2025-11-11T06:00:00+00:00 [running]> on host 2ab1eb6ceb27
[2025-11-12T18:19:46.640+0000] {taskinstance.py:2648} INFO - Exporting env vars: AIRFLOW_CTX_DAG_OWNER='wyko' AIRFLOW_CTX_DAG_ID='warehouse_daily' AIRFLOW_CTX_TASK_ID='wait_for_db' AIRFLOW_CTX_EXECUTION_DATE='2025-11-11T06:00:00+00:00' AIRFLOW_CTX_TRY_NUMBER='1' AIRFLOW_CTX_DAG_RUN_ID='scheduled__2025-11-11T06:00:00+00:00'
[2025-11-12T18:19:46.640+0000] {taskinstance.py:430} INFO - ::endgroup::
[2025-11-12T18:19:46.702+0000] {crypto.py:82} WARNING - empty cryptography key - values will not be stored encrypted.
[2025-11-12T18:19:46.702+0000] {base.py:84} INFO - Using connection ID 'warehouse_pg' for task execution.
[2025-11-12T18:19:46.718+0000] {sql.py:96} INFO - Poking: SELECT 1; (with parameters None)
[2025-11-12T18:19:46.718+0000] {base.py:84} INFO - Using connection ID 'warehouse_pg' for task execution.
[2025-11-12T18:19:46.724+0000] {sql.py:495} INFO - Running statement: SELECT 1;, parameters: None
[2025-11-12T18:19:46.725+0000] {sql.py:504} INFO - Rows affected: 1
[2025-11-12T18:19:46.726+0000] {base.py:294} INFO - Success criteria met. Exiting.
[2025-11-12T18:19:46.726+0000] {taskinstance.py:441} INFO - ::group::Post task execution logs
[2025-11-12T18:19:46.728+0000] {taskinstance.py:1206} INFO - Marking task as SUCCESS. dag_id=warehouse_daily, task_id=wait_for_db, run_id=scheduled__2025-11-11T06:00:00+00:00, execution_date=20251111T060000, start_date=20251112T181946, end_date=20251112T181946
[2025-11-12T18:19:46.751+0000] {local_task_job_runner.py:243} INFO - Task exited with return code 0
[2025-11-12T18:19:46.760+0000] {taskinstance.py:3503} INFO - 1 downstream tasks scheduled from follow-on schedule check
[2025-11-12T18:19:46.761+0000] {local_task_job_runner.py:222} INFO - ::endgroup::
[2025-11-12T18:37:35.529+0000] {local_task_job_runner.py:120} INFO - ::group::Pre task execution logs
[2025-11-12T18:37:35.537+0000] {taskinstance.py:2076} INFO - Dependencies all met for dep_context=non-requeueable deps ti=<TaskInstance: warehouse_daily.wait_for_db scheduled__2025-11-11T06:00:00+00:00 [queued]>
[2025-11-12T18:37:35.538+0000] {taskinstance.py:2076} INFO - Dependencies all met for dep_context=requeueable deps ti=<TaskInstance: warehouse_daily.wait_for_db scheduled__2025-11-11T06:00:00+00:00 [queued]>
[2025-11-12T18:37:35.538+0000] {taskinstance.py:2306} INFO - Starting attempt 1 of 3
[2025-11-12T18:37:35.542+0000] {taskinstance.py:2330} INFO - Executing <Task(SqlSensor): wait_for_db> on 2025-11-11 06:00:00+00:00
[2025-11-12T18:37:35.543+0000] {standard_task_runner.py:64} INFO - Started process 154 to run task
[2025-11-12T18:37:35.544+0000] {standard_task_runner.py:90} INFO - Running: ['airflow', 'tasks', 'run', 'warehouse_daily', 'wait_for_db', 'scheduled__2025-11-11T06:00:00+00:00', '--job-id', '3', '--raw', '--subdir', 'DAGS_FOLDER/warehouse_dag.py', '--cfg-path', '/tmp/tmp4jyp0eo4']
[2025-11-12T18:37:35.545+0000] {standard_task_runner.py:91} INFO - Job 3: Subtask wait_for_db
[2025-11-12T18:37:35.556+0000] {task_command.py:426} INFO - Running <TaskInstance: warehouse_daily.wait_for_db scheduled__2025-11-11T06:00:00+00:00 [running]> on host bc643d9c9001
[2025-11-12T18:37:35.572+0000] {taskinstance.py:2648} INFO - Exporting env vars: AIRFLOW_CTX_DAG_OWNER='wyko' AIRFLOW_CTX_DAG_ID='warehouse_daily' AIRFLOW_CTX_TASK_ID='wait_for_db' AIRFLOW_CTX_EXECUTION_DATE='2025-11-11T06:00:00+00:00' AIRFLOW_CTX_TRY_NUMBER='1' AIRFLOW_CTX_DAG_RUN_ID='scheduled__2025-11-11T06:00:00+00:00'
[2025-11-12T18:37:35.573+0000] {taskinstance.py:430} INFO - ::endgroup::
[2025-11-12T18:37:35.632+0000] {crypto.py:82} WARNING - empty cryptography key - values will not be stored encrypted.
[2025-11-12T18:37:35.633+0000] {base.py:84} INFO - Using connection ID 'warehouse_pg' for task execution.
[2025-11-12T18:37:35.649+0000] {sql.py:96} INFO - Poking: SELECT 1; (with parameters None)
[2025-11-12T18:37:35.650+0000] {base.py:84} INFO - Using connection ID 'warehouse_pg' for task execution.
[2025-11-12T18:37:35.679+0000] {sql.py:495} INFO - Running statement: SELECT 1;, parameters: None
[2025-11-12T18:37:35.680+0000] {sql.py:504} INFO - Rows affected: 1
[2025-11-12T18:37:35.681+0000] {base.py:294} INFO - Success criteria met. Exiting.
[2025-11-12T18:37:35.681+0000] {taskinstance.py:441} INFO - ::group::Post task execution logs
[2025-11-12T18:37:35.683+0000] {taskinstance.py:1206} INFO - Marking task as SUCCESS. dag_id=warehouse_daily, task_id=wait_for_db, run_id=scheduled__2025-11-11T06:00:00+00:00, execution_date=20251111T060000, start_date=20251112T183735, end_date=20251112T183735
[2025-11-12T18:37:35.728+0000] {local_task_job_runner.py:243} INFO - Task exited with return code 0
[2025-11-12T18:37:35.736+0000] {taskinstance.py:3503} INFO - 1 downstream tasks scheduled from follow-on schedule check
[2025-11-12T18:37:35.737+0000] {local_task_job_runner.py:222} INFO - ::endgroup::
[2025-11-12T19:05:47.722+0000] {local_task_job_runner.py:120} INFO - ::group::Pre task execution logs
[2025-11-12T19:05:47.730+0000] {taskinstance.py:2076} INFO - Dependencies all met for dep_context=non-requeueable deps ti=<TaskInstance: warehouse_daily.wait_for_db scheduled__2025-11-11T06:00:00+00:00 [queued]>
[2025-11-12T19:05:47.731+0000] {taskinstance.py:2076} INFO - Dependencies all met for dep_context=requeueable deps ti=<TaskInstance: warehouse_daily.wait_for_db scheduled__2025-11-11T06:00:00+00:00 [queued]>
[2025-11-12T19:05:47.732+0000] {taskinstance.py:2306} INFO - Starting attempt 1 of 3
[2025-11-12T19:05:47.735+0000] {taskinstance.py:2330} INFO - Executing <Task(SqlSensor): wait_for_db> on 2025-11-11 06:00:00+00:00
[2025-11-12T19:05:47.737+0000] {standard_task_runner.py:64} INFO - Started process 152 to run task
[2025-11-12T19:05:47.738+0000] {standard_task_runner.py:90} INFO - Running: ['airflow', 'tasks', 'run', 'warehouse_daily', 'wait_for_db', 'scheduled__2025-11-11T06:00:00+00:00', '--job-id', '3', '--raw', '--subdir', 'DAGS_FOLDER/warehouse_dag.py', '--cfg-path', '/tmp/tmptsmje7xr']
[2025-11-12T19:05:47.739+0000] {standard_task_runner.py:91} INFO - Job 3: Subtask wait_for_db
[2025-11-12T19:05:47.750+0000] {task_command.py:426} INFO - Running <TaskInstance: warehouse_daily.wait_for_db scheduled__2025-11-11T06:00:00+00:00 [running]> on host 6561605caf49
[2025-11-12T19:05:47.767+0000] {taskinstance.py:2648} INFO - Exporting env vars: AIRFLOW_CTX_DAG_OWNER='wyko' AIRFLOW_CTX_DAG_ID='warehouse_daily' AIRFLOW_CTX_TASK_ID='wait_for_db' AIRFLOW_CTX_EXECUTION_DATE='2025-11-11T06:00:00+00:00' AIRFLOW_CTX_TRY_NUMBER='1' AIRFLOW_CTX_DAG_RUN_ID='scheduled__2025-11-11T06:00:00+00:00'
[2025-11-12T19:05:47.767+0000] {taskinstance.py:430} INFO - ::endgroup::
[2025-11-12T19:05:47.829+0000] {crypto.py:82} WARNING - empty cryptography key - values will not be stored encrypted.
[2025-11-12T19:05:47.829+0000] {base.py:84} INFO - Using connection ID 'warehouse_pg' for task execution.
[2025-11-12T19:05:47.844+0000] {sql.py:96} INFO - Poking: SELECT 1; (with parameters None)
[2025-11-12T19:05:47.845+0000] {base.py:84} INFO - Using connection ID 'warehouse_pg' for task execution.
[2025-11-12T19:05:47.850+0000] {sql.py:495} INFO - Running statement: SELECT 1;, parameters: None
[2025-11-12T19:05:47.851+0000] {sql.py:504} INFO - Rows affected: 1
[2025-11-12T19:05:47.851+0000] {base.py:294} INFO - Success criteria met. Exiting.
[2025-11-12T19:05:47.851+0000] {taskinstance.py:441} INFO - ::group::Post task execution logs
[2025-11-12T19:05:47.853+0000] {taskinstance.py:1206} INFO - Marking task as SUCCESS. dag_id=warehouse_daily, task_id=wait_for_db, run_id=scheduled__2025-11-11T06:00:00+00:00, execution_date=20251111T060000, start_date=20251112T190547, end_date=20251112T190547
[2025-11-12T19:05:47.886+0000] {local_task_job_runner.py:243} INFO - Task exited with return code 0
[2025-11-12T19:05:47.894+0000] {taskinstance.py:3503} INFO - 1 downstream tasks scheduled from follow-on schedule check
[2025-11-12T19:05:47.896+0000] {local_task_job_runner.py:222} INFO - ::endgroup::
