[2025-11-12T18:12:23.650+0000] {local_task_job_runner.py:120} INFO - ::group::Pre task execution logs
[2025-11-12T18:12:23.659+0000] {taskinstance.py:2076} INFO - Dependencies all met for dep_context=non-requeueable deps ti=<TaskInstance: warehouse_daily.wait_for_db manual__2025-11-12T18:12:21.307431+00:00 [queued]>
[2025-11-12T18:12:23.661+0000] {taskinstance.py:2076} INFO - Dependencies all met for dep_context=requeueable deps ti=<TaskInstance: warehouse_daily.wait_for_db manual__2025-11-12T18:12:21.307431+00:00 [queued]>
[2025-11-12T18:12:23.661+0000] {taskinstance.py:2306} INFO - Starting attempt 1 of 3
[2025-11-12T18:12:23.665+0000] {taskinstance.py:2330} INFO - Executing <Task(SqlSensor): wait_for_db> on 2025-11-12 18:12:21.307431+00:00
[2025-11-12T18:12:23.666+0000] {standard_task_runner.py:64} INFO - Started process 174 to run task
[2025-11-12T18:12:23.668+0000] {standard_task_runner.py:90} INFO - Running: ['airflow', 'tasks', 'run', 'warehouse_daily', 'wait_for_db', 'manual__2025-11-12T18:12:21.307431+00:00', '--job-id', '4', '--raw', '--subdir', 'DAGS_FOLDER/warehouse_dag.py', '--cfg-path', '/tmp/tmpn6pvx_df']
[2025-11-12T18:12:23.668+0000] {standard_task_runner.py:91} INFO - Job 4: Subtask wait_for_db
[2025-11-12T18:12:23.681+0000] {task_command.py:426} INFO - Running <TaskInstance: warehouse_daily.wait_for_db manual__2025-11-12T18:12:21.307431+00:00 [running]> on host 45089dbd33a0
[2025-11-12T18:12:23.697+0000] {taskinstance.py:2648} INFO - Exporting env vars: AIRFLOW_CTX_DAG_OWNER='wyko' AIRFLOW_CTX_DAG_ID='warehouse_daily' AIRFLOW_CTX_TASK_ID='wait_for_db' AIRFLOW_CTX_EXECUTION_DATE='2025-11-12T18:12:21.307431+00:00' AIRFLOW_CTX_TRY_NUMBER='1' AIRFLOW_CTX_DAG_RUN_ID='manual__2025-11-12T18:12:21.307431+00:00'
[2025-11-12T18:12:23.697+0000] {taskinstance.py:430} INFO - ::endgroup::
[2025-11-12T18:12:23.753+0000] {crypto.py:82} WARNING - empty cryptography key - values will not be stored encrypted.
[2025-11-12T18:12:23.754+0000] {base.py:84} INFO - Using connection ID 'warehouse_pg' for task execution.
[2025-11-12T18:12:23.769+0000] {taskinstance.py:441} INFO - ::group::Post task execution logs
[2025-11-12T18:12:23.770+0000] {taskinstance.py:2905} ERROR - Task failed with exception
Traceback (most recent call last):
  File "/home/airflow/.local/lib/python3.12/site-packages/airflow/models/taskinstance.py", line 465, in _execute_task
    result = _execute_callable(context=context, **execute_callable_kwargs)
             ^^^^^^^^^^^^^^^^^^^^^^^^^^^^^^^^^^^^^^^^^^^^^^^^^^^^^^^^^^^^^
  File "/home/airflow/.local/lib/python3.12/site-packages/airflow/models/taskinstance.py", line 432, in _execute_callable
    return execute_callable(context=context, **execute_callable_kwargs)
           ^^^^^^^^^^^^^^^^^^^^^^^^^^^^^^^^^^^^^^^^^^^^^^^^^^^^^^^^^^^^
  File "/home/airflow/.local/lib/python3.12/site-packages/airflow/models/baseoperator.py", line 401, in wrapper
    return func(self, *args, **kwargs)
           ^^^^^^^^^^^^^^^^^^^^^^^^^^^
  File "/home/airflow/.local/lib/python3.12/site-packages/airflow/sensors/base.py", line 264, in execute
    raise e
  File "/home/airflow/.local/lib/python3.12/site-packages/airflow/sensors/base.py", line 246, in execute
    poke_return = self.poke(context)
                  ^^^^^^^^^^^^^^^^^^
  File "/home/airflow/.local/lib/python3.12/site-packages/airflow/providers/common/sql/sensors/sql.py", line 94, in poke
    hook = self._get_hook()
           ^^^^^^^^^^^^^^^^
  File "/home/airflow/.local/lib/python3.12/site-packages/airflow/providers/common/sql/sensors/sql.py", line 85, in _get_hook
    hook = conn.get_hook(hook_params=self.hook_params)
           ^^^^^^^^^^^^^^^^^^^^^^^^^^^^^^^^^^^^^^^^^^^
  File "/home/airflow/.local/lib/python3.12/site-packages/airflow/models/connection.py", line 403, in get_hook
    raise AirflowException(f'Unknown hook type "{self.conn_type}"')
airflow.exceptions.AirflowException: Unknown hook type "***ql+psycopg2"
[2025-11-12T18:12:23.771+0000] {taskinstance.py:1206} INFO - Marking task as UP_FOR_RETRY. dag_id=warehouse_daily, task_id=wait_for_db, run_id=manual__2025-11-12T18:12:21.307431+00:00, execution_date=20251112T181221, start_date=20251112T181223, end_date=20251112T181223
[2025-11-12T18:12:23.774+0000] {standard_task_runner.py:110} ERROR - Failed to execute job 4 for task wait_for_db (Unknown hook type "***ql+psycopg2"; 174)
[2025-11-12T18:12:23.817+0000] {local_task_job_runner.py:243} INFO - Task exited with return code 1
[2025-11-12T18:12:23.825+0000] {taskinstance.py:3503} INFO - 0 downstream tasks scheduled from follow-on schedule check
[2025-11-12T18:12:23.825+0000] {local_task_job_runner.py:222} INFO - ::endgroup::
