[2025-11-12T18:31:47.039+0000] {local_task_job_runner.py:120} INFO - ::group::Pre task execution logs
[2025-11-12T18:31:47.048+0000] {taskinstance.py:2076} INFO - Dependencies all met for dep_context=non-requeueable deps ti=<TaskInstance: warehouse_daily.extract_to_minio manual__2025-11-12T18:31:43.561732+00:00 [queued]>
[2025-11-12T18:31:47.050+0000] {taskinstance.py:2076} INFO - Dependencies all met for dep_context=requeueable deps ti=<TaskInstance: warehouse_daily.extract_to_minio manual__2025-11-12T18:31:43.561732+00:00 [queued]>
[2025-11-12T18:31:47.050+0000] {taskinstance.py:2306} INFO - Starting attempt 1 of 3
[2025-11-12T18:31:47.054+0000] {taskinstance.py:2330} INFO - Executing <Task(BashOperator): extract_to_minio> on 2025-11-12 18:31:43.561732+00:00
[2025-11-12T18:31:47.055+0000] {standard_task_runner.py:64} INFO - Started process 433 to run task
[2025-11-12T18:31:47.056+0000] {standard_task_runner.py:90} INFO - Running: ['airflow', 'tasks', 'run', 'warehouse_daily', 'extract_to_minio', 'manual__2025-11-12T18:31:43.561732+00:00', '--job-id', '12', '--raw', '--subdir', 'DAGS_FOLDER/warehouse_dag.py', '--cfg-path', '/tmp/tmpb663bd0a']
[2025-11-12T18:31:47.057+0000] {standard_task_runner.py:91} INFO - Job 12: Subtask extract_to_minio
[2025-11-12T18:31:47.068+0000] {task_command.py:426} INFO - Running <TaskInstance: warehouse_daily.extract_to_minio manual__2025-11-12T18:31:43.561732+00:00 [running]> on host 2ab1eb6ceb27
[2025-11-12T18:31:47.136+0000] {taskinstance.py:2648} INFO - Exporting env vars: AIRFLOW_CTX_DAG_OWNER='wyko' AIRFLOW_CTX_DAG_ID='warehouse_daily' AIRFLOW_CTX_TASK_ID='extract_to_minio' AIRFLOW_CTX_EXECUTION_DATE='2025-11-12T18:31:43.561732+00:00' AIRFLOW_CTX_TRY_NUMBER='1' AIRFLOW_CTX_DAG_RUN_ID='manual__2025-11-12T18:31:43.561732+00:00'
[2025-11-12T18:31:47.137+0000] {taskinstance.py:430} INFO - ::endgroup::
[2025-11-12T18:31:47.141+0000] {subprocess.py:63} INFO - Tmp dir root location: /tmp
[2025-11-12T18:31:47.142+0000] {subprocess.py:75} INFO - Running command: ['/usr/bin/bash', '-c', 'cd /opt/airflow/repo && python etl/extract.py']
[2025-11-12T18:31:47.144+0000] {subprocess.py:86} INFO - Output:
[2025-11-12T18:31:47.990+0000] {subprocess.py:93} INFO - Traceback (most recent call last):
[2025-11-12T18:31:47.990+0000] {subprocess.py:93} INFO -   File "/home/airflow/.local/lib/python3.12/site-packages/fsspec/registry.py", line 236, in get_filesystem_class
[2025-11-12T18:31:47.990+0000] {subprocess.py:93} INFO -     register_implementation(protocol, _import_class(bit["class"]))
[2025-11-12T18:31:47.990+0000] {subprocess.py:93} INFO -                                       ^^^^^^^^^^^^^^^^^^^^^^^^^^^
[2025-11-12T18:31:47.990+0000] {subprocess.py:93} INFO -   File "/home/airflow/.local/lib/python3.12/site-packages/fsspec/registry.py", line 271, in _import_class
[2025-11-12T18:31:47.990+0000] {subprocess.py:93} INFO -     mod = importlib.import_module(mod)
[2025-11-12T18:31:47.990+0000] {subprocess.py:93} INFO -           ^^^^^^^^^^^^^^^^^^^^^^^^^^^^
[2025-11-12T18:31:47.991+0000] {subprocess.py:93} INFO -   File "/usr/local/lib/python3.12/importlib/__init__.py", line 90, in import_module
[2025-11-12T18:31:47.991+0000] {subprocess.py:93} INFO -     return _bootstrap._gcd_import(name[level:], package, level)
[2025-11-12T18:31:47.991+0000] {subprocess.py:93} INFO -            ^^^^^^^^^^^^^^^^^^^^^^^^^^^^^^^^^^^^^^^^^^^^^^^^^^^^
[2025-11-12T18:31:47.991+0000] {subprocess.py:93} INFO -   File "<frozen importlib._bootstrap>", line 1387, in _gcd_import
[2025-11-12T18:31:47.991+0000] {subprocess.py:93} INFO -   File "<frozen importlib._bootstrap>", line 1360, in _find_and_load
[2025-11-12T18:31:47.991+0000] {subprocess.py:93} INFO -   File "<frozen importlib._bootstrap>", line 1324, in _find_and_load_unlocked
[2025-11-12T18:31:47.991+0000] {subprocess.py:93} INFO - ModuleNotFoundError: No module named 's3fs'
[2025-11-12T18:31:47.991+0000] {subprocess.py:93} INFO - 
[2025-11-12T18:31:47.991+0000] {subprocess.py:93} INFO - The above exception was the direct cause of the following exception:
[2025-11-12T18:31:47.991+0000] {subprocess.py:93} INFO - 
[2025-11-12T18:31:47.992+0000] {subprocess.py:93} INFO - Traceback (most recent call last):
[2025-11-12T18:31:47.992+0000] {subprocess.py:93} INFO -   File "/opt/airflow/repo/etl/extract.py", line 26, in <module>
[2025-11-12T18:31:47.992+0000] {subprocess.py:93} INFO -     upload_local_csv_to_raw("data/raw/housing_800k.csv", "housing_800k.csv")
[2025-11-12T18:31:47.992+0000] {subprocess.py:93} INFO -   File "/opt/airflow/repo/etl/extract.py", line 22, in upload_local_csv_to_raw
[2025-11-12T18:31:47.992+0000] {subprocess.py:93} INFO -     df.to_csv(s3_uri, index=False, storage_options=STORAGE)
[2025-11-12T18:31:47.992+0000] {subprocess.py:93} INFO -   File "/home/airflow/.local/lib/python3.12/site-packages/pandas/core/generic.py", line 3902, in to_csv
[2025-11-12T18:31:47.992+0000] {subprocess.py:93} INFO -     return DataFrameRenderer(formatter).to_csv(
[2025-11-12T18:31:47.992+0000] {subprocess.py:93} INFO -            ^^^^^^^^^^^^^^^^^^^^^^^^^^^^^^^^^^^^
[2025-11-12T18:31:47.992+0000] {subprocess.py:93} INFO -   File "/home/airflow/.local/lib/python3.12/site-packages/pandas/io/formats/format.py", line 1152, in to_csv
[2025-11-12T18:31:47.992+0000] {subprocess.py:93} INFO -     csv_formatter.save()
[2025-11-12T18:31:47.992+0000] {subprocess.py:93} INFO -   File "/home/airflow/.local/lib/python3.12/site-packages/pandas/io/formats/csvs.py", line 247, in save
[2025-11-12T18:31:47.992+0000] {subprocess.py:93} INFO -     with get_handle(
[2025-11-12T18:31:47.992+0000] {subprocess.py:93} INFO -          ^^^^^^^^^^^
[2025-11-12T18:31:47.992+0000] {subprocess.py:93} INFO -   File "/home/airflow/.local/lib/python3.12/site-packages/pandas/io/common.py", line 718, in get_handle
[2025-11-12T18:31:47.992+0000] {subprocess.py:93} INFO -     ioargs = _get_filepath_or_buffer(
[2025-11-12T18:31:47.992+0000] {subprocess.py:93} INFO -              ^^^^^^^^^^^^^^^^^^^^^^^^
[2025-11-12T18:31:47.992+0000] {subprocess.py:93} INFO -   File "/home/airflow/.local/lib/python3.12/site-packages/pandas/io/common.py", line 418, in _get_filepath_or_buffer
[2025-11-12T18:31:47.992+0000] {subprocess.py:93} INFO -     file_obj = fsspec.open(
[2025-11-12T18:31:47.992+0000] {subprocess.py:93} INFO -                ^^^^^^^^^^^^
[2025-11-12T18:31:47.992+0000] {subprocess.py:93} INFO -   File "/home/airflow/.local/lib/python3.12/site-packages/fsspec/core.py", line 459, in open
[2025-11-12T18:31:47.992+0000] {subprocess.py:93} INFO -     out = open_files(
[2025-11-12T18:31:47.993+0000] {subprocess.py:93} INFO -           ^^^^^^^^^^^
[2025-11-12T18:31:47.993+0000] {subprocess.py:93} INFO -   File "/home/airflow/.local/lib/python3.12/site-packages/fsspec/core.py", line 283, in open_files
[2025-11-12T18:31:47.993+0000] {subprocess.py:93} INFO -     fs, fs_token, paths = get_fs_token_paths(
[2025-11-12T18:31:47.993+0000] {subprocess.py:93} INFO -                           ^^^^^^^^^^^^^^^^^^^
[2025-11-12T18:31:47.993+0000] {subprocess.py:93} INFO -   File "/home/airflow/.local/lib/python3.12/site-packages/fsspec/core.py", line 623, in get_fs_token_paths
[2025-11-12T18:31:47.993+0000] {subprocess.py:93} INFO -     chain = _un_chain(urlpath0, storage_options or {})
[2025-11-12T18:31:47.993+0000] {subprocess.py:93} INFO -             ^^^^^^^^^^^^^^^^^^^^^^^^^^^^^^^^^^^^^^^^^^
[2025-11-12T18:31:47.993+0000] {subprocess.py:93} INFO -   File "/home/airflow/.local/lib/python3.12/site-packages/fsspec/core.py", line 332, in _un_chain
[2025-11-12T18:31:47.993+0000] {subprocess.py:93} INFO -     cls = get_filesystem_class(protocol)
[2025-11-12T18:31:47.993+0000] {subprocess.py:93} INFO -           ^^^^^^^^^^^^^^^^^^^^^^^^^^^^^^
[2025-11-12T18:31:47.993+0000] {subprocess.py:93} INFO -   File "/home/airflow/.local/lib/python3.12/site-packages/fsspec/registry.py", line 238, in get_filesystem_class
[2025-11-12T18:31:47.993+0000] {subprocess.py:93} INFO -     raise ImportError(bit["err"]) from e
[2025-11-12T18:31:47.993+0000] {subprocess.py:93} INFO - ImportError: Install s3fs to access S3
[2025-11-12T18:31:48.029+0000] {subprocess.py:97} INFO - Command exited with return code 1
[2025-11-12T18:31:48.030+0000] {taskinstance.py:441} INFO - ::group::Post task execution logs
[2025-11-12T18:31:48.032+0000] {taskinstance.py:2905} ERROR - Task failed with exception
Traceback (most recent call last):
  File "/home/airflow/.local/lib/python3.12/site-packages/airflow/models/taskinstance.py", line 465, in _execute_task
    result = _execute_callable(context=context, **execute_callable_kwargs)
             ^^^^^^^^^^^^^^^^^^^^^^^^^^^^^^^^^^^^^^^^^^^^^^^^^^^^^^^^^^^^^
  File "/home/airflow/.local/lib/python3.12/site-packages/airflow/models/taskinstance.py", line 432, in _execute_callable
    return execute_callable(context=context, **execute_callable_kwargs)
           ^^^^^^^^^^^^^^^^^^^^^^^^^^^^^^^^^^^^^^^^^^^^^^^^^^^^^^^^^^^^
  File "/home/airflow/.local/lib/python3.12/site-packages/airflow/models/baseoperator.py", line 401, in wrapper
    return func(self, *args, **kwargs)
           ^^^^^^^^^^^^^^^^^^^^^^^^^^^
  File "/home/airflow/.local/lib/python3.12/site-packages/airflow/operators/bash.py", line 243, in execute
    raise AirflowException(
airflow.exceptions.AirflowException: Bash command failed. The command returned a non-zero exit code 1.
[2025-11-12T18:31:48.033+0000] {taskinstance.py:1206} INFO - Marking task as UP_FOR_RETRY. dag_id=warehouse_daily, task_id=extract_to_minio, run_id=manual__2025-11-12T18:31:43.561732+00:00, execution_date=20251112T183143, start_date=20251112T183147, end_date=20251112T183148
[2025-11-12T18:31:48.037+0000] {standard_task_runner.py:110} ERROR - Failed to execute job 12 for task extract_to_minio (Bash command failed. The command returned a non-zero exit code 1.; 433)
[2025-11-12T18:31:48.080+0000] {local_task_job_runner.py:243} INFO - Task exited with return code 1
[2025-11-12T18:31:48.087+0000] {taskinstance.py:3503} INFO - 0 downstream tasks scheduled from follow-on schedule check
[2025-11-12T18:31:48.088+0000] {local_task_job_runner.py:222} INFO - ::endgroup::
