[2025-11-13T13:45:59.097+0000] {local_task_job_runner.py:120} INFO - ::group::Pre task execution logs
[2025-11-13T13:45:59.106+0000] {taskinstance.py:2076} INFO - Dependencies all met for dep_context=non-requeueable deps ti=<TaskInstance: warehouse_daily.train_models manual__2025-11-13T13:42:49.210595+00:00 [queued]>
[2025-11-13T13:45:59.109+0000] {taskinstance.py:2076} INFO - Dependencies all met for dep_context=requeueable deps ti=<TaskInstance: warehouse_daily.train_models manual__2025-11-13T13:42:49.210595+00:00 [queued]>
[2025-11-13T13:45:59.109+0000] {taskinstance.py:2306} INFO - Starting attempt 2 of 4
[2025-11-13T13:45:59.114+0000] {taskinstance.py:2330} INFO - Executing <Task(BashOperator): train_models> on 2025-11-13 13:42:49.210595+00:00
[2025-11-13T13:45:59.116+0000] {standard_task_runner.py:64} INFO - Started process 1190 to run task
[2025-11-13T13:45:59.117+0000] {standard_task_runner.py:90} INFO - Running: ['airflow', 'tasks', 'run', 'warehouse_daily', 'train_models', 'manual__2025-11-13T13:42:49.210595+00:00', '--job-id', '31', '--raw', '--subdir', 'DAGS_FOLDER/warehouse_dag.py', '--cfg-path', '/tmp/tmplyhog10w']
[2025-11-13T13:45:59.118+0000] {standard_task_runner.py:91} INFO - Job 31: Subtask train_models
[2025-11-13T13:45:59.130+0000] {task_command.py:426} INFO - Running <TaskInstance: warehouse_daily.train_models manual__2025-11-13T13:42:49.210595+00:00 [running]> on host 1e1b3e3b62cf
[2025-11-13T13:45:59.202+0000] {taskinstance.py:2648} INFO - Exporting env vars: AIRFLOW_CTX_DAG_OWNER='wyko' AIRFLOW_CTX_DAG_ID='warehouse_daily' AIRFLOW_CTX_TASK_ID='train_models' AIRFLOW_CTX_EXECUTION_DATE='2025-11-13T13:42:49.210595+00:00' AIRFLOW_CTX_TRY_NUMBER='2' AIRFLOW_CTX_DAG_RUN_ID='manual__2025-11-13T13:42:49.210595+00:00'
[2025-11-13T13:45:59.203+0000] {taskinstance.py:430} INFO - ::endgroup::
[2025-11-13T13:45:59.207+0000] {subprocess.py:63} INFO - Tmp dir root location: /tmp
[2025-11-13T13:45:59.207+0000] {subprocess.py:75} INFO - Running command: ['/usr/bin/bash', '-c', 'cd /opt/airflow/repo && python ml/ml_final.py']
[2025-11-13T13:45:59.210+0000] {subprocess.py:86} INFO - Output:
[2025-11-13T13:45:59.260+0000] {subprocess.py:93} INFO - Traceback (most recent call last):
[2025-11-13T13:45:59.260+0000] {subprocess.py:93} INFO -   File "/opt/airflow/repo/ml/ml_final.py", line 4, in <module>
[2025-11-13T13:45:59.260+0000] {subprocess.py:93} INFO -     import joblib
[2025-11-13T13:45:59.260+0000] {subprocess.py:93} INFO - ModuleNotFoundError: No module named 'joblib'
[2025-11-13T13:45:59.262+0000] {subprocess.py:97} INFO - Command exited with return code 1
[2025-11-13T13:45:59.262+0000] {taskinstance.py:441} INFO - ::group::Post task execution logs
[2025-11-13T13:45:59.265+0000] {taskinstance.py:2905} ERROR - Task failed with exception
Traceback (most recent call last):
  File "/home/airflow/.local/lib/python3.12/site-packages/airflow/models/taskinstance.py", line 465, in _execute_task
    result = _execute_callable(context=context, **execute_callable_kwargs)
             ^^^^^^^^^^^^^^^^^^^^^^^^^^^^^^^^^^^^^^^^^^^^^^^^^^^^^^^^^^^^^
  File "/home/airflow/.local/lib/python3.12/site-packages/airflow/models/taskinstance.py", line 432, in _execute_callable
    return execute_callable(context=context, **execute_callable_kwargs)
           ^^^^^^^^^^^^^^^^^^^^^^^^^^^^^^^^^^^^^^^^^^^^^^^^^^^^^^^^^^^^
  File "/home/airflow/.local/lib/python3.12/site-packages/airflow/models/baseoperator.py", line 401, in wrapper
    return func(self, *args, **kwargs)
           ^^^^^^^^^^^^^^^^^^^^^^^^^^^
  File "/home/airflow/.local/lib/python3.12/site-packages/airflow/operators/bash.py", line 243, in execute
    raise AirflowException(
airflow.exceptions.AirflowException: Bash command failed. The command returned a non-zero exit code 1.
[2025-11-13T13:45:59.266+0000] {taskinstance.py:1206} INFO - Marking task as UP_FOR_RETRY. dag_id=warehouse_daily, task_id=train_models, run_id=manual__2025-11-13T13:42:49.210595+00:00, execution_date=20251113T134249, start_date=20251113T134559, end_date=20251113T134559
[2025-11-13T13:45:59.270+0000] {standard_task_runner.py:110} ERROR - Failed to execute job 31 for task train_models (Bash command failed. The command returned a non-zero exit code 1.; 1190)
[2025-11-13T13:45:59.301+0000] {local_task_job_runner.py:243} INFO - Task exited with return code 1
[2025-11-13T13:45:59.305+0000] {taskinstance.py:3503} INFO - 0 downstream tasks scheduled from follow-on schedule check
[2025-11-13T13:45:59.305+0000] {local_task_job_runner.py:222} INFO - ::endgroup::
