[2025-11-21T15:34:10.313+0000] {local_task_job_runner.py:120} INFO - ::group::Pre task execution logs
[2025-11-21T15:34:10.322+0000] {taskinstance.py:2076} INFO - Dependencies all met for dep_context=non-requeueable deps ti=<TaskInstance: warehouse_daily.feature_importance_ml manual__2025-11-21T15:32:52.047809+00:00 [queued]>
[2025-11-21T15:34:10.323+0000] {taskinstance.py:2076} INFO - Dependencies all met for dep_context=requeueable deps ti=<TaskInstance: warehouse_daily.feature_importance_ml manual__2025-11-21T15:32:52.047809+00:00 [queued]>
[2025-11-21T15:34:10.323+0000] {taskinstance.py:2306} INFO - Starting attempt 1 of 3
[2025-11-21T15:34:10.327+0000] {taskinstance.py:2330} INFO - Executing <Task(BashOperator): feature_importance_ml> on 2025-11-21 15:32:52.047809+00:00
[2025-11-21T15:34:10.329+0000] {standard_task_runner.py:64} INFO - Started process 9384 to run task
[2025-11-21T15:34:10.330+0000] {standard_task_runner.py:90} INFO - Running: ['airflow', 'tasks', 'run', 'warehouse_daily', 'feature_importance_ml', 'manual__2025-11-21T15:32:52.047809+00:00', '--job-id', '147', '--raw', '--subdir', 'DAGS_FOLDER/warehouse_dag.py', '--cfg-path', '/tmp/tmpoglsxvj4']
[2025-11-21T15:34:10.331+0000] {standard_task_runner.py:91} INFO - Job 147: Subtask feature_importance_ml
[2025-11-21T15:34:10.343+0000] {task_command.py:426} INFO - Running <TaskInstance: warehouse_daily.feature_importance_ml manual__2025-11-21T15:32:52.047809+00:00 [running]> on host 8b16c83c8b1e
[2025-11-21T15:34:10.416+0000] {taskinstance.py:2648} INFO - Exporting env vars: AIRFLOW_CTX_DAG_OWNER='wyko' AIRFLOW_CTX_DAG_ID='warehouse_daily' AIRFLOW_CTX_TASK_ID='feature_importance_ml' AIRFLOW_CTX_EXECUTION_DATE='2025-11-21T15:32:52.047809+00:00' AIRFLOW_CTX_TRY_NUMBER='1' AIRFLOW_CTX_DAG_RUN_ID='manual__2025-11-21T15:32:52.047809+00:00'
[2025-11-21T15:34:10.416+0000] {taskinstance.py:430} INFO - ::endgroup::
[2025-11-21T15:34:10.420+0000] {subprocess.py:63} INFO - Tmp dir root location: /tmp
[2025-11-21T15:34:10.421+0000] {subprocess.py:75} INFO - Running command: ['/usr/bin/bash', '-c', 'cd /opt/airflow/repo && python ml/feature_importance.py']
[2025-11-21T15:34:10.424+0000] {subprocess.py:86} INFO - Output:
[2025-11-21T15:34:10.791+0000] {subprocess.py:93} INFO - Traceback (most recent call last):
[2025-11-21T15:34:10.791+0000] {subprocess.py:93} INFO -   File "/opt/airflow/repo/ml/feature_importance.py", line 3, in <module>
[2025-11-21T15:34:10.794+0000] {subprocess.py:93} INFO -     import matplotlib.pyplot as plt
[2025-11-21T15:34:10.797+0000] {subprocess.py:93} INFO - ModuleNotFoundError: No module named 'matplotlib'
[2025-11-21T15:34:10.819+0000] {subprocess.py:97} INFO - Command exited with return code 1
[2025-11-21T15:34:10.819+0000] {taskinstance.py:441} INFO - ::group::Post task execution logs
[2025-11-21T15:34:10.822+0000] {taskinstance.py:2905} ERROR - Task failed with exception
Traceback (most recent call last):
  File "/home/airflow/.local/lib/python3.12/site-packages/airflow/models/taskinstance.py", line 465, in _execute_task
    result = _execute_callable(context=context, **execute_callable_kwargs)
             ^^^^^^^^^^^^^^^^^^^^^^^^^^^^^^^^^^^^^^^^^^^^^^^^^^^^^^^^^^^^^
  File "/home/airflow/.local/lib/python3.12/site-packages/airflow/models/taskinstance.py", line 432, in _execute_callable
    return execute_callable(context=context, **execute_callable_kwargs)
           ^^^^^^^^^^^^^^^^^^^^^^^^^^^^^^^^^^^^^^^^^^^^^^^^^^^^^^^^^^^^
  File "/home/airflow/.local/lib/python3.12/site-packages/airflow/models/baseoperator.py", line 401, in wrapper
    return func(self, *args, **kwargs)
           ^^^^^^^^^^^^^^^^^^^^^^^^^^^
  File "/home/airflow/.local/lib/python3.12/site-packages/airflow/operators/bash.py", line 243, in execute
    raise AirflowException(
airflow.exceptions.AirflowException: Bash command failed. The command returned a non-zero exit code 1.
[2025-11-21T15:34:10.823+0000] {taskinstance.py:1206} INFO - Marking task as UP_FOR_RETRY. dag_id=warehouse_daily, task_id=feature_importance_ml, run_id=manual__2025-11-21T15:32:52.047809+00:00, execution_date=20251121T153252, start_date=20251121T153410, end_date=20251121T153410
[2025-11-21T15:34:10.827+0000] {standard_task_runner.py:110} ERROR - Failed to execute job 147 for task feature_importance_ml (Bash command failed. The command returned a non-zero exit code 1.; 9384)
[2025-11-21T15:34:10.865+0000] {local_task_job_runner.py:243} INFO - Task exited with return code 1
[2025-11-21T15:34:10.872+0000] {taskinstance.py:3503} INFO - 0 downstream tasks scheduled from follow-on schedule check
[2025-11-21T15:34:10.872+0000] {local_task_job_runner.py:222} INFO - ::endgroup::
